[2019-07-17 00:01:43] local.INFO: AUTOTASK_DATE {"LOG":{"6761437":[109,6761437,156,1563321822]}} 
[2019-07-17 00:03:44] local.INFO: AUTOTASK_DATE {"LOG":{"6761437":[109,6761437,156,1563321944]}} 
[2019-07-17 00:05:47] local.INFO: AUTOTASK_DATE {"LOG":{"6761437":[109,6761437,156,1563322067]}} 
[2019-07-17 00:07:49] local.INFO: AUTOTASK_DATE {"LOG":{"6761437":[109,6761437,156,1563322188]}} 
[2019-07-17 00:09:50] local.INFO: AUTOTASK_DATE {"LOG":{"6761437":[109,6761437,156,1563322309]}} 
[2019-07-17 00:11:50] local.INFO: AUTOTASK_DATE {"LOG":{"6761437":[109,6761437,156,1563322430]}} 
[2019-07-17 00:13:52] local.INFO: AUTOTASK_DATE {"LOG":{"6761437":[109,6761437,156,1563322552]}} 
[2019-07-17 00:16:03] local.INFO: AUTOTASK_DATE {"LOG":{"6761437":[109,6761437,156,1563322682]}} 
[2019-07-17 00:18:09] local.INFO: AUTOTASK_DATE {"LOG":{"6761437":[109,6761437,156,1563322809]}} 
[2019-07-17 00:20:12] local.INFO: AUTOTASK_DATE {"LOG":{"6761437":[109,6761437,156,1563322930]}} 
[2019-07-17 00:22:15] local.INFO: AUTOTASK_DATE {"LOG":{"6761437":[109,6761437,156,1563323054]}} 
[2019-07-17 00:24:17] local.INFO: AUTOTASK_DATE {"LOG":{"6761437":[109,6761437,156,1563323176]}} 
[2019-07-17 00:26:18] local.INFO: AUTOTASK_DATE {"LOG":{"6761437":[109,6761437,156,1563323297]}} 
[2019-07-17 00:28:21] local.INFO: AUTOTASK_DATE {"LOG":{"6761437":[109,6761437,156,1563323421]}} 
[2019-07-17 00:30:23] local.INFO: AUTOTASK_DATE {"LOG":{"6761437":[109,6761437,156,1563323543]}} 
[2019-07-17 00:32:26] local.INFO: AUTOTASK_DATE {"LOG":{"6761437":[109,6761437,156,1563323665]}} 
[2019-07-17 00:34:27] local.INFO: AUTOTASK_DATE {"LOG":{"6761437":[109,6761437,156,1563323786]}} 
[2019-07-17 00:36:28] local.INFO: AUTOTASK_DATE {"LOG":{"6761437":[109,6761437,156,1563323908]}} 
[2019-07-17 00:38:31] local.INFO: AUTOTASK_DATE {"LOG":{"6761437":[109,6761437,156,1563324030]}} 
[2019-07-17 00:40:32] local.INFO: AUTOTASK_DATE {"LOG":{"6761437":[109,6761437,156,1563324151]}} 
[2019-07-17 00:42:33] local.INFO: AUTOTASK_DATE {"LOG":{"6761437":[109,6761437,156,1563324273]}} 
[2019-07-17 00:44:35] local.INFO: AUTOTASK_DATE {"LOG":{"6761437":[109,6761437,156,1563324394]}} 
[2019-07-17 00:46:36] local.INFO: AUTOTASK_DATE {"LOG":{"6761437":[109,6761437,156,1563324516]}} 
[2019-07-17 00:48:38] local.INFO: AUTOTASK_DATE {"LOG":{"6761437":[109,6761437,156,1563324638]}} 
[2019-07-17 00:50:40] local.INFO: AUTOTASK_DATE {"LOG":{"6761437":[109,6761437,156,1563324760]}} 
[2019-07-17 00:52:42] local.INFO: AUTOTASK_DATE {"LOG":{"6761437":[109,6761437,156,1563324881]}} 
[2019-07-17 00:54:43] local.INFO: AUTOTASK_DATE {"LOG":{"6761437":[109,6761437,156,1563325002]}} 
[2019-07-17 00:56:44] local.INFO: AUTOTASK_DATE {"LOG":{"6761437":[109,6761437,156,1563325124]}} 
[2019-07-17 00:58:47] local.INFO: AUTOTASK_DATE {"LOG":{"6761437":[109,6761437,156,1563325246]}} 
[2019-07-17 01:00:47] local.INFO: AUTOTASK_DATE {"LOG":{"6761437":[109,6761437,156,1563325367]}} 
[2019-07-17 01:02:49] local.INFO: AUTOTASK_DATE {"LOG":{"6761437":[109,6761437,156,1563325488]}} 
[2019-07-17 01:04:50] local.INFO: AUTOTASK_DATE {"LOG":{"6761437":[109,6761437,156,1563325610]}} 
[2019-07-17 01:06:52] local.INFO: AUTOTASK_DATE {"LOG":{"6761437":[109,6761437,156,1563325731]}} 
[2019-07-17 01:08:53] local.INFO: AUTOTASK_DATE {"LOG":{"6761437":[109,6761437,156,1563325852]}} 
[2019-07-17 01:11:02] local.INFO: AUTOTASK_DATE {"LOG":{"6761437":[109,6761437,156,1563325982]}} 
[2019-07-17 01:13:06] local.INFO: AUTOTASK_DATE {"LOG":{"6761437":[109,6761437,156,1563326105]}} 
[2019-07-17 01:15:06] local.INFO: AUTOTASK_DATE {"LOG":{"6761437":[109,6761437,156,1563326226]}} 
[2019-07-17 01:17:09] local.INFO: AUTOTASK_DATE {"LOG":{"6761437":[109,6761437,156,1563326348]}} 
[2019-07-17 01:19:10] local.INFO: AUTOTASK_DATE {"LOG":{"6761437":[109,6761437,156,1563326469]}} 
[2019-07-17 01:21:11] local.INFO: AUTOTASK_DATE {"LOG":{"6761437":[109,6761437,156,1563326590]}} 
[2019-07-17 01:23:12] local.INFO: AUTOTASK_DATE {"LOG":{"6761437":[109,6761437,156,1563326712]}} 
[2019-07-17 01:25:14] local.INFO: AUTOTASK_DATE {"LOG":{"6761437":[109,6761437,156,1563326833]}} 
[2019-07-17 01:27:16] local.INFO: AUTOTASK_DATE {"LOG":{"6761437":[109,6761437,156,1563326955]}} 
[2019-07-17 01:29:17] local.INFO: AUTOTASK_DATE {"LOG":{"6761437":[109,6761437,156,1563327077]}} 
[2019-07-17 01:31:20] local.INFO: AUTOTASK_DATE {"LOG":{"6761437":[109,6761437,156,1563327200]}} 
[2019-07-17 01:33:22] local.INFO: AUTOTASK_DATE {"LOG":{"6761437":[109,6761437,156,1563327321]}} 
[2019-07-17 01:35:24] local.INFO: AUTOTASK_DATE {"LOG":{"6761437":[109,6761437,156,1563327443]}} 
[2019-07-17 01:37:26] local.INFO: AUTOTASK_DATE {"LOG":{"6761437":[109,6761437,156,1563327565]}} 
[2019-07-17 01:39:27] local.INFO: AUTOTASK_DATE {"LOG":{"6761437":[109,6761437,156,1563327686]}} 
[2019-07-17 01:41:28] local.INFO: AUTOTASK_DATE {"LOG":{"6761437":[109,6761437,156,1563327807]}} 
[2019-07-17 01:43:31] local.INFO: AUTOTASK_DATE {"LOG":{"6761437":[109,6761437,156,1563327930]}} 
[2019-07-17 01:45:33] local.INFO: AUTOTASK_DATE {"LOG":{"6761437":[109,6761437,156,1563328052]}} 
[2019-07-17 01:47:37] local.INFO: AUTOTASK_DATE {"LOG":{"6761437":[109,6761437,156,1563328176]}} 
[2019-07-17 01:49:38] local.INFO: AUTOTASK_DATE {"LOG":{"6761437":[109,6761437,156,1563328297]}} 
[2019-07-17 01:51:39] local.INFO: AUTOTASK_DATE {"LOG":{"6761437":[109,6761437,156,1563328418]}} 
[2019-07-17 01:53:40] local.INFO: AUTOTASK_DATE {"LOG":{"6761437":[109,6761437,156,1563328539]}} 
[2019-07-17 01:55:41] local.INFO: AUTOTASK_DATE {"LOG":{"6761437":[109,6761437,156,1563328660]}} 
[2019-07-17 01:57:42] local.INFO: AUTOTASK_DATE {"LOG":{"6761437":[109,6761437,156,1563328782]}} 
[2019-07-17 01:59:44] local.INFO: AUTOTASK_DATE {"LOG":{"6761437":[109,6761437,156,1563328904]}} 
[2019-07-17 02:01:47] local.INFO: AUTOTASK_DATE {"LOG":{"6761437":[109,6761437,156,1563329026]}} 
[2019-07-17 02:03:48] local.INFO: AUTOTASK_DATE {"LOG":{"6761437":[109,6761437,156,1563329148]}} 
[2019-07-17 02:05:50] local.INFO: AUTOTASK_DATE {"LOG":{"6761437":[109,6761437,156,1563329269]}} 
[2019-07-17 02:08:02] local.INFO: AUTOTASK_DATE {"LOG":{"6761437":[109,6761437,156,1563329401]}} 
[2019-07-17 02:10:04] local.INFO: AUTOTASK_DATE {"LOG":{"6761437":[109,6761437,156,1563329523]}} 
[2019-07-17 02:12:06] local.INFO: AUTOTASK_DATE {"LOG":{"6761437":[109,6761437,156,1563329646]}} 
[2019-07-17 02:14:08] local.INFO: AUTOTASK_DATE {"LOG":{"6761437":[109,6761437,156,1563329768]}} 
[2019-07-17 02:16:10] local.INFO: AUTOTASK_DATE {"LOG":{"6761437":[109,6761437,156,1563329890]}} 
[2019-07-17 02:18:13] local.INFO: AUTOTASK_DATE {"LOG":{"6761437":[109,6761437,156,1563330012]}} 
[2019-07-17 02:20:14] local.INFO: AUTOTASK_DATE {"LOG":{"6761437":[109,6761437,156,1563330134]}} 
[2019-07-17 02:22:16] local.INFO: AUTOTASK_DATE {"LOG":{"6761437":[109,6761437,156,1563330256]}} 
[2019-07-17 02:24:23] local.INFO: AUTOTASK_DATE {"LOG":{"6761437":[109,6761437,156,1563330383]}} 
[2019-07-17 02:26:25] local.INFO: AUTOTASK_DATE {"LOG":{"6761437":[109,6761437,156,1563330505]}} 
[2019-07-17 02:28:26] local.INFO: AUTOTASK_DATE {"LOG":{"6761437":[109,6761437,156,1563330626]}} 
[2019-07-17 02:30:28] local.INFO: AUTOTASK_DATE {"LOG":{"6761437":[109,6761437,156,1563330748]}} 
[2019-07-17 02:32:32] local.INFO: AUTOTASK_DATE {"LOG":{"6761437":[109,6761437,156,1563330871]}} 
[2019-07-17 02:34:32] local.INFO: AUTOTASK_DATE {"LOG":{"6761437":[109,6761437,156,1563330992]}} 
[2019-07-17 02:36:33] local.INFO: AUTOTASK_DATE {"LOG":{"6761437":[109,6761437,156,1563331113]}} 
[2019-07-17 02:38:36] local.INFO: AUTOTASK_DATE {"LOG":{"6761437":[109,6761437,156,1563331236]}} 
[2019-07-17 02:40:37] local.INFO: AUTOTASK_DATE {"LOG":{"6761437":[109,6761437,156,1563331357]}} 
[2019-07-17 02:42:40] local.INFO: AUTOTASK_DATE {"LOG":{"6761437":[109,6761437,156,1563331479]}} 
[2019-07-17 02:44:42] local.INFO: AUTOTASK_DATE {"LOG":{"6761437":[109,6761437,156,1563331601]}} 
[2019-07-17 02:46:43] local.INFO: AUTOTASK_DATE {"LOG":{"6761437":[109,6761437,156,1563331723]}} 
[2019-07-17 02:48:46] local.INFO: AUTOTASK_DATE {"LOG":{"6761437":[109,6761437,156,1563331844]}} 
[2019-07-17 02:50:47] local.INFO: AUTOTASK_DATE {"LOG":{"6761437":[109,6761437,156,1563331966]}} 
[2019-07-17 02:52:49] local.INFO: AUTOTASK_DATE {"LOG":{"6761437":[109,6761437,156,1563332088]}} 
[2019-07-17 02:54:50] local.INFO: AUTOTASK_DATE {"LOG":{"6761437":[109,6761437,156,1563332210]}} 
[2019-07-17 02:57:02] local.INFO: AUTOTASK_DATE {"LOG":{"6761437":[109,6761437,156,1563332341]}} 
[2019-07-17 02:59:04] local.INFO: AUTOTASK_DATE {"LOG":{"6761437":[109,6761437,156,1563332463]}} 
[2019-07-17 03:01:05] local.INFO: AUTOTASK_DATE {"LOG":{"6761437":[109,6761437,156,1563332584]}} 
[2019-07-17 03:03:05] local.INFO: AUTOTASK_DATE {"LOG":{"6761437":[109,6761437,156,1563332705]}} 
[2019-07-17 03:05:07] local.INFO: AUTOTASK_DATE {"LOG":{"6761437":[109,6761437,156,1563332827]}} 
[2019-07-17 03:07:09] local.INFO: AUTOTASK_DATE {"LOG":{"6761437":[109,6761437,156,1563332948]}} 
[2019-07-17 03:09:11] local.INFO: AUTOTASK_DATE {"LOG":{"6761437":[109,6761437,156,1563333071]}} 
[2019-07-17 03:11:13] local.INFO: AUTOTASK_DATE {"LOG":{"6761437":[109,6761437,156,1563333193]}} 
[2019-07-17 03:13:16] local.INFO: AUTOTASK_DATE {"LOG":{"6761437":[109,6761437,156,1563333315]}} 
[2019-07-17 03:15:18] local.INFO: AUTOTASK_DATE {"LOG":{"6761437":[109,6761437,156,1563333437]}} 
[2019-07-17 03:17:20] local.INFO: AUTOTASK_DATE {"LOG":{"6761437":[109,6761437,156,1563333559]}} 
[2019-07-17 03:19:21] local.INFO: AUTOTASK_DATE {"LOG":{"6761437":[109,6761437,156,1563333680]}} 
[2019-07-17 03:21:23] local.INFO: AUTOTASK_DATE {"LOG":{"6761437":[109,6761437,156,1563333801]}} 
[2019-07-17 03:23:23] local.INFO: AUTOTASK_DATE {"LOG":{"6761437":[109,6761437,156,1563333923]}} 
[2019-07-17 03:25:26] local.INFO: AUTOTASK_DATE {"LOG":{"6761437":[109,6761437,156,1563334046]}} 
[2019-07-17 03:27:28] local.INFO: AUTOTASK_DATE {"LOG":{"6761437":[109,6761437,156,1563334167]}} 
[2019-07-17 03:29:29] local.INFO: AUTOTASK_DATE {"LOG":{"6761437":[109,6761437,156,1563334288]}} 
[2019-07-17 03:31:31] local.INFO: AUTOTASK_DATE {"LOG":{"6761437":[109,6761437,156,1563334410]}} 
[2019-07-17 03:33:34] local.INFO: AUTOTASK_DATE {"LOG":{"6761437":[109,6761437,156,1563334533]}} 
[2019-07-17 03:35:35] local.INFO: AUTOTASK_DATE {"LOG":{"6761437":[109,6761437,156,1563334654]}} 
[2019-07-17 03:37:37] local.INFO: AUTOTASK_DATE {"LOG":{"6761437":[109,6761437,156,1563334776]}} 
[2019-07-17 03:39:39] local.INFO: AUTOTASK_DATE {"LOG":{"6761437":[109,6761437,156,1563334898]}} 
[2019-07-17 03:41:41] local.INFO: AUTOTASK_DATE {"LOG":{"6761437":[109,6761437,156,1563335020]}} 
[2019-07-17 03:43:42] local.INFO: AUTOTASK_DATE {"LOG":{"6761437":[109,6761437,156,1563335142]}} 
[2019-07-17 03:45:43] local.INFO: AUTOTASK_DATE {"LOG":{"6761437":[109,6761437,156,1563335263]}} 
[2019-07-17 03:47:46] local.INFO: AUTOTASK_DATE {"LOG":{"6761437":[109,6761437,156,1563335385]}} 
[2019-07-17 03:49:29] local.INFO: currentPipeline  {"currentPipeline":280980} 
[2019-07-17 03:49:47] local.INFO: AUTOTASK_DATE {"LOG":{"6761437":[109,6761437,156,1563335507]}} 
[2019-07-17 03:51:50] local.INFO: AUTOTASK_DATE {"LOG":{"6761437":[109,6761437,156,1563335628]}} 
[2019-07-17 03:53:50] local.INFO: AUTOTASK_DATE {"LOG":{"6761437":[109,6761437,156,1563335749]}} 
[2019-07-17 03:56:02] local.INFO: AUTOTASK_DATE {"LOG":{"6761437":[109,6761437,156,1563335882]}} 
[2019-07-17 03:58:06] local.INFO: AUTOTASK_DATE {"LOG":{"6761437":[109,6761437,156,1563336005]}} 
[2019-07-17 04:00:08] local.INFO: AUTOTASK_DATE {"LOG":{"6761437":[109,6761437,156,1563336128]}} 
[2019-07-17 04:02:10] local.INFO: AUTOTASK_DATE {"LOG":{"6761437":[109,6761437,156,1563336250]}} 
[2019-07-17 04:04:15] local.INFO: AUTOTASK_DATE {"LOG":{"6761437":[109,6761437,156,1563336374]}} 
[2019-07-17 04:06:20] local.INFO: AUTOTASK_DATE {"LOG":{"6761437":[109,6761437,156,1563336499]}} 
[2019-07-17 04:08:22] local.INFO: AUTOTASK_DATE {"LOG":{"6761437":[109,6761437,156,1563336621]}} 
[2019-07-17 04:10:24] local.INFO: AUTOTASK_DATE {"LOG":{"6761437":[109,6761437,156,1563336743]}} 
[2019-07-17 04:12:04] local.INFO: currentPipeline  {"currentPipeline":"280980"} 
[2019-07-17 04:12:25] local.INFO: AUTOTASK_DATE {"LOG":{"6761437":[109,6761437,156,1563336865]}} 
[2019-07-17 04:14:26] local.INFO: AUTOTASK_DATE {"LOG":{"6761437":[109,6761437,156,1563336986]}} 
[2019-07-17 04:16:33] local.INFO: AUTOTASK_DATE {"LOG":{"6761437":[109,6761437,156,1563337108]}} 
[2019-07-17 04:18:30] local.INFO: AUTOTASK_DATE {"LOG":{"6761437":[109,6761437,156,1563337229]}} 
[2019-07-17 04:20:31] local.INFO: AUTOTASK_DATE {"LOG":{"6761437":[109,6761437,156,1563337351]}} 
[2019-07-17 04:22:33] local.INFO: AUTOTASK_DATE {"LOG":{"6761437":[109,6761437,156,1563337473]}} 
[2019-07-17 04:24:38] local.INFO: AUTOTASK_DATE {"LOG":{"6761437":[109,6761437,156,1563337597]}} 
[2019-07-17 04:26:39] local.INFO: AUTOTASK_DATE {"LOG":{"6761437":[109,6761437,156,1563337718]}} 
[2019-07-17 04:28:39] local.INFO: AUTOTASK_DATE {"LOG":{"6761437":[109,6761437,156,1563337839]}} 
[2019-07-17 04:30:41] local.INFO: AUTOTASK_DATE {"LOG":{"6761437":[109,6761437,156,1563337960]}} 
[2019-07-17 04:32:43] local.INFO: AUTOTASK_DATE {"LOG":{"6761437":[109,6761437,156,1563338082]}} 
[2019-07-17 04:34:47] local.INFO: AUTOTASK_DATE {"LOG":{"6761437":[109,6761437,156,1563338206]}} 
[2019-07-17 04:36:48] local.INFO: AUTOTASK_DATE {"LOG":{"6761437":[109,6761437,156,1563338327]}} 
[2019-07-17 04:38:49] local.INFO: AUTOTASK_DATE {"LOG":{"6761437":[109,6761437,156,1563338449]}} 
[2019-07-17 04:40:50] local.INFO: AUTOTASK_DATE {"LOG":{"6761437":[109,6761437,156,1563338570]}} 
[2019-07-17 04:42:52] local.INFO: AUTOTASK_DATE {"LOG":{"6761437":[109,6761437,156,1563338691]}} 
[2019-07-17 04:45:02] local.INFO: AUTOTASK_DATE {"LOG":{"6761437":[109,6761437,156,1563338822]}} 
[2019-07-17 04:47:03] local.INFO: AUTOTASK_DATE {"LOG":{"6761437":[109,6761437,156,1563338943]}} 
[2019-07-17 04:49:06] local.INFO: AUTOTASK_DATE {"LOG":{"6761437":[109,6761437,156,1563339066]}} 
[2019-07-17 04:51:08] local.INFO: AUTOTASK_DATE {"LOG":{"6761437":[109,6761437,156,1563339188]}} 
[2019-07-17 04:53:12] local.INFO: AUTOTASK_DATE {"LOG":{"6761437":[109,6761437,156,1563339311]}} 
[2019-07-17 04:55:12] local.INFO: AUTOTASK_DATE {"LOG":{"6761437":[109,6761437,156,1563339432]}} 
[2019-07-17 04:57:14] local.INFO: AUTOTASK_DATE {"LOG":{"6761437":[109,6761437,156,1563339553]}} 
[2019-07-17 04:59:14] local.INFO: AUTOTASK_DATE {"LOG":{"6761437":[109,6761437,156,1563339674]}} 
[2019-07-17 05:01:17] local.INFO: AUTOTASK_DATE {"LOG":{"6761437":[109,6761437,156,1563339796]}} 
[2019-07-17 05:03:18] local.INFO: AUTOTASK_DATE {"LOG":{"6761437":[109,6761437,156,1563339918]}} 
[2019-07-17 05:05:20] local.INFO: AUTOTASK_DATE {"LOG":{"6761437":[109,6761437,156,1563340040]}} 
[2019-07-17 05:07:23] local.INFO: AUTOTASK_DATE {"LOG":{"6761437":[109,6761437,156,1563340162]}} 
[2019-07-17 05:09:27] local.INFO: AUTOTASK_DATE {"LOG":{"6761437":[109,6761437,156,1563340286]}} 
[2019-07-17 05:11:29] local.INFO: AUTOTASK_DATE {"LOG":{"6761437":[109,6761437,156,1563340409]}} 
[2019-07-17 05:13:32] local.INFO: AUTOTASK_DATE {"LOG":{"6761437":[109,6761437,156,1563340531]}} 
[2019-07-17 05:15:33] local.INFO: AUTOTASK_DATE {"LOG":{"6761437":[109,6761437,156,1563340652]}} 
[2019-07-17 05:17:34] local.INFO: AUTOTASK_DATE {"LOG":{"6761437":[109,6761437,156,1563340773]}} 
[2019-07-17 05:19:35] local.INFO: AUTOTASK_DATE {"LOG":{"6761437":[109,6761437,156,1563340894]}} 
[2019-07-17 05:21:36] local.INFO: AUTOTASK_DATE {"LOG":{"6761437":[109,6761437,156,1563341016]}} 
[2019-07-17 05:23:39] local.INFO: AUTOTASK_DATE {"LOG":{"6761437":[109,6761437,156,1563341138]}} 
[2019-07-17 05:25:40] local.INFO: AUTOTASK_DATE {"LOG":{"6761437":[109,6761437,156,1563341260]}} 
[2019-07-17 05:27:42] local.INFO: AUTOTASK_DATE {"LOG":{"6761437":[109,6761437,156,1563341382]}} 
[2019-07-17 05:29:46] local.INFO: AUTOTASK_DATE {"LOG":{"6761437":[109,6761437,156,1563341506]}} 
[2019-07-17 05:31:47] local.INFO: AUTOTASK_DATE {"LOG":{"6761437":[109,6761437,156,1563341627]}} 
[2019-07-17 05:33:52] local.INFO: AUTOTASK_DATE {"LOG":{"6761437":[109,6761437,156,1563341750]}} 
[2019-07-17 05:34:36] local.INFO: currentPipeline  {"currentPipeline":280980} 
[2019-07-17 05:34:36] local.INFO: currentPipeline  {"currentPipeline":280980} 
[2019-07-17 05:35:52] local.INFO: AUTOTASK_DATE {"LOG":{"6761437":[109,6761437,156,1563341871]}} 
[2019-07-17 05:38:02] local.INFO: AUTOTASK_DATE {"LOG":{"6761437":[109,6761437,156,1563342001]}} 
[2019-07-17 05:40:06] local.INFO: AUTOTASK_DATE {"LOG":{"6761437":[109,6761437,156,1563342123]}} 
[2019-07-17 05:42:07] local.INFO: AUTOTASK_DATE {"LOG":{"6761437":[109,6761437,156,1563342246]}} 
[2019-07-17 05:44:10] local.INFO: AUTOTASK_DATE {"LOG":{"6761437":[109,6761437,156,1563342370]}} 
[2019-07-17 05:46:12] local.INFO: AUTOTASK_DATE {"LOG":{"6761437":[109,6761437,156,1563342491]}} 
[2019-07-17 05:48:13] local.INFO: AUTOTASK_DATE {"LOG":{"6761437":[109,6761437,156,1563342613]}} 
[2019-07-17 05:50:08] local.INFO: NEWCALCL {"data":"Такой расчет уже есть в базе: andpixelvaniamailruvdsq lead: 20139701"} 
[2019-07-17 05:50:15] local.INFO: AUTOTASK_DATE {"LOG":{"6761437":[109,6761437,156,1563342734]}} 
[2019-07-17 05:50:40] local.INFO: currentPipeline  {"currentPipeline":25848} 
[2019-07-17 05:50:42] local.INFO: success user {"responseLead":{"code":200,"response":{"_links":{"self":{"href":"/api/v2/leads","method":"post"}},"_embedded":{"items":[{"id":48859879,"updated_at":1563342641,"_links":{"self":{"href":"/api/v2/leads?id=48859879","method":"get"}}}]}}}} 
[2019-07-17 05:52:19] local.INFO: AUTOTASK_DATE {"LOG":{"6761437":[109,6761437,156,1563342857]}} 
[2019-07-17 05:52:32] local.INFO: NEWCALCL {"response":{"code":200,"response":{"_links":{"self":{"href":"/api/v2/leads","method":"post"}},"_embedded":{"items":[{"id":21099139,"updated_at":1563342752,"_links":{"self":{"href":"/api/v2/leads?id=21099139","method":"get"}}}]}}}} 
[2019-07-17 05:52:33] local.INFO: NEWCALCL {"data":"Такой расчет уже есть в базе: andpixelvaniamailruvdsq lead: 21099139"} 
[2019-07-17 05:52:48] local.INFO: NEWCALCL {"data":"Такой расчет уже есть в базе: andpixelvaniamailruvdsq lead: 21099139"} 
[2019-07-17 05:54:21] local.INFO: AUTOTASK_DATE {"LOG":{"6761437":[109,6761437,156,1563342979]}} 
[2019-07-17 05:56:22] local.INFO: AUTOTASK_DATE {"LOG":{"6761437":[109,6761437,156,1563343101]}} 
[2019-07-17 05:56:28] local.INFO: NEWCALCL {"data":"Такой расчет уже есть в базе: andpixelvaniamailruvdsq lead: 21099139"} 
[2019-07-17 05:56:28] local.INFO: NEWCALCL {"data":"Такой расчет уже есть в базе: andpixelvaniamailruvdsq lead: 21099139"} 
[2019-07-17 05:58:27] local.INFO: AUTOTASK_DATE {"LOG":{"6761437":[109,6761437,156,1563343226]}} 
[2019-07-17 05:59:54] local.INFO: currentPipeline  {"currentPipeline":"280980"} 
[2019-07-17 06:00:28] local.INFO: AUTOTASK_DATE {"LOG":{"6761437":[109,6761437,156,1563343347]}} 
[2019-07-17 06:02:28] local.INFO: AUTOTASK_DATE {"LOG":{"6761437":[109,6761437,156,1563343468]}} 
[2019-07-17 06:04:30] local.INFO: AUTOTASK_DATE {"LOG":{"6761437":[109,6761437,156,1563343590]}} 
[2019-07-17 06:06:35] local.INFO: AUTOTASK_DATE {"LOG":{"6761437":[109,6761437,156,1563343712]}} 
[2019-07-17 06:08:34] local.INFO: AUTOTASK_DATE {"LOG":{"6761437":[109,6761437,156,1563343834]}} 
[2019-07-17 06:10:38] local.INFO: AUTOTASK_DATE {"LOG":{"6761437":[109,6761437,156,1563343957]}} 
[2019-07-17 06:12:40] local.INFO: AUTOTASK_DATE {"LOG":{"6761437":[109,6761437,156,1563344079]}} 
[2019-07-17 06:14:43] local.INFO: AUTOTASK_DATE {"LOG":{"6761437":[109,6761437,156,1563344200]}} 
[2019-07-17 06:16:46] local.INFO: AUTOTASK_DATE {"LOG":{"6761437":[109,6761437,156,1563344322]}} 
[2019-07-17 06:18:44] local.INFO: AUTOTASK_DATE {"LOG":{"6761437":[109,6761437,156,1563344443]}} 
[2019-07-17 06:20:46] local.INFO: AUTOTASK_DATE {"LOG":{"6761437":[109,6761437,156,1563344565]}} 
[2019-07-17 06:22:49] local.INFO: AUTOTASK_DATE {"LOG":{"6761437":[109,6761437,156,1563344689]}} 
[2019-07-17 06:24:04] local.INFO: currentPipeline  {"currentPipeline":280980} 
[2019-07-17 06:24:51] local.INFO: AUTOTASK_DATE {"LOG":{"6761437":[109,6761437,156,1563344810]}} 
[2019-07-17 06:26:52] local.INFO: AUTOTASK_DATE {"LOG":{"6761437":[109,6761437,156,1563344931]}} 
[2019-07-17 06:28:52] local.INFO: AUTOTASK_DATE {"LOG":{"6761437":[109,6761437,156,1563345052]}} 
[2019-07-17 06:31:02] local.INFO: AUTOTASK_DATE {"LOG":{"6761437":[109,6761437,156,1563345182]}} 
[2019-07-17 06:31:36] local.INFO: currentPipeline  {"currentPipeline":280980} 
[2019-07-17 06:33:08] local.INFO: AUTOTASK_DATE {"LOG":{"6761437":[109,6761437,156,1563345307]}} 
[2019-07-17 06:33:40] local.INFO: respCopyLead {"data":{"lead_id":"25518497","subdomain":"studyua","respChange":"Позняки","respCurrent":"Отдел поддержки клиентов STUDY.UA","userID":"919708"}} 
[2019-07-17 06:34:34] local.INFO: currentPipeline  {"currentPipeline":280980} 
[2019-07-17 06:35:13] local.INFO: AUTOTASK_DATE {"LOG":{"6761437":[109,6761437,156,1563345432]}} 
[2019-07-17 06:35:36] local.INFO: respCopyLead {"data":{"lead_id":"25606139","subdomain":"studyua","respChange":"Соломенка","respCurrent":"Рустем","userID":"919708"}} 
[2019-07-17 06:36:39] local.INFO: respCopyLead {"data":{"lead_id":"25623049","subdomain":"studyua","respChange":"Позняки","respCurrent":"Отдел поддержки клиентов STUDY.UA","userID":"919708"}} 
[2019-07-17 06:37:18] local.INFO: AUTOTASK_DATE {"LOG":{"6761437":[109,6761437,156,1563345557]}} 
[2019-07-17 06:39:21] local.INFO: AUTOTASK_DATE {"LOG":{"6761437":[109,6761437,156,1563345680]}} 
[2019-07-17 06:41:23] local.INFO: AUTOTASK_DATE {"LOG":{"6761437":[109,6761437,156,1563345803]}} 
[2019-07-17 06:43:28] local.INFO: AUTOTASK_DATE {"LOG":{"6761437":[109,6761437,156,1563345927]}} 
[2019-07-17 06:45:30] local.INFO: AUTOTASK_DATE {"LOG":{"6761437":[109,6761437,156,1563346049]}} 
[2019-07-17 06:46:33] local.INFO: currentPipeline  {"currentPipeline":280980} 
[2019-07-17 06:47:32] local.INFO: AUTOTASK_DATE {"LOG":{"6761437":[109,6761437,156,1563346171]}} 
[2019-07-17 06:48:54] local.INFO: respCopyLead {"data":{"lead_id":"25623393","subdomain":"studyua","respChange":"Отдел поддержки клиентов STUDY.UA","respCurrent":"Рустем","userID":"919708"}} 
[2019-07-17 06:49:33] local.INFO: AUTOTASK_DATE {"LOG":{"6761437":[109,6761437,156,1563346292]}} 
[2019-07-17 06:51:02] local.INFO: currentPipeline  {"currentPipeline":"280980"} 
[2019-07-17 06:51:37] local.INFO: AUTOTASK_DATE {"LOG":{"6761437":[109,6761437,156,1563346417]}} 
[2019-07-17 06:53:42] local.INFO: AUTOTASK_DATE {"LOG":{"6761437":[109,6761437,156,1563346541]}} 
[2019-07-17 06:55:43] local.INFO: AUTOTASK_DATE {"LOG":{"6761437":[109,6761437,156,1563346662]}} 
[2019-07-17 06:56:44] local.INFO: respCopyLead {"data":{"lead_id":"25624847","subdomain":"studyua","respChange":"Марьяна Карпенко","respCurrent":"STUDYUA, SUPPORT","userID":"912388"}} 
[2019-07-17 06:57:45] local.INFO: AUTOTASK_DATE {"LOG":{"6761437":[109,6761437,156,1563346784]}} 
[2019-07-17 06:59:10] local.INFO: currentPipeline  {"currentPipeline":"280980"} 
[2019-07-17 06:59:46] local.INFO: AUTOTASK_DATE {"LOG":{"6761437":[109,6761437,156,1563346905]}} 
[2019-07-17 06:59:59] local.INFO: currentPipeline  {"currentPipeline":280980} 
[2019-07-17 07:01:49] local.INFO: AUTOTASK_DATE {"LOG":{"6761437":[109,6761437,156,1563347028]}} 
[2019-07-17 07:02:21] local.INFO: currentPipeline  {"currentPipeline":"280980"} 
[2019-07-17 07:03:56] local.INFO: AUTOTASK_DATE {"LOG":{"6761437":[109,6761437,156,1563347150]}} 
[2019-07-17 07:03:57] local.INFO: currentPipeline  {"currentPipeline":280980} 
[2019-07-17 07:05:52] local.INFO: AUTOTASK_DATE {"LOG":{"6761437":[109,6761437,156,1563347272]}} 
[2019-07-17 07:08:04] local.INFO: AUTOTASK_DATE {"LOG":{"6761437":[109,6761437,156,1563347402]}} 
[2019-07-17 07:10:05] local.INFO: AUTOTASK_DATE {"LOG":{"6761437":[109,6761437,156,1563347524]}} 
[2019-07-17 07:12:03] local.INFO: currentPipeline  {"currentPipeline":280980} 
[2019-07-17 07:12:06] local.INFO: AUTOTASK_DATE {"LOG":{"6761437":[109,6761437,156,1563347645]}} 
[2019-07-17 07:13:31] local.INFO: currentPipeline  {"currentPipeline":280980} 
[2019-07-17 07:14:09] local.INFO: AUTOTASK_DATE {"LOG":{"6761437":[109,6761437,156,1563347768]}} 
[2019-07-17 07:14:30] local.INFO: currentPipeline  {"currentPipeline":"280980"} 
[2019-07-17 07:14:33] local.INFO: currentPipeline  {"currentPipeline":280980} 
[2019-07-17 07:16:02] local.INFO: currentPipeline  {"currentPipeline":280980} 
[2019-07-17 07:16:02] local.INFO: currentPipeline  {"currentPipeline":280980} 
[2019-07-17 07:16:14] local.INFO: AUTOTASK_DATE {"LOG":{"6761437":[109,6761437,156,1563347892]}} 
[2019-07-17 07:16:47] local.INFO: respCopyLead {"data":{"lead_id":"25536389","subdomain":"studyua","respChange":"Святошино","respCurrent":"Отдел поддержки клиентов STUDY.UA","userID":"919708"}} 
[2019-07-17 07:18:16] local.INFO: AUTOTASK_DATE {"LOG":{"6761437":[109,6761437,156,1563348015]}} 
[2019-07-17 07:19:30] local.INFO: currentPipeline  {"currentPipeline":280980} 
[2019-07-17 07:20:19] local.INFO: AUTOTASK_DATE {"LOG":{"6761437":[109,6761437,156,1563348137]}} 
[2019-07-17 07:20:36] local.INFO: currentPipeline  {"currentPipeline":280980} 
[2019-07-17 07:21:48] local.INFO: respCopyLead {"data":{"lead_id":"25623399","subdomain":"studyua","respChange":"Дарья Волощук","respCurrent":"STUDYUA, SUPPORT","userID":"912388"}} 
[2019-07-17 07:22:23] local.INFO: AUTOTASK_DATE {"LOG":{"6761437":[109,6761437,156,1563348260]}} 
[2019-07-17 07:24:25] local.INFO: AUTOTASK_DATE {"LOG":{"6761437":[109,6761437,156,1563348384]}} 
[2019-07-17 07:25:03] local.INFO: currentPipeline  {"currentPipeline":280980} 
[2019-07-17 07:26:27] local.INFO: AUTOTASK_DATE {"LOG":{"6761437":[109,6761437,156,1563348506]}} 
[2019-07-17 07:26:53] local.INFO: respCopyLead {"data":{"lead_id":"25623255","subdomain":"studyua","respChange":"Анна Курилко","respCurrent":"Helpers  Драгомирова","userID":"912388"}} 
[2019-07-17 07:28:28] local.INFO: AUTOTASK_DATE {"LOG":{"6761437":[109,6761437,156,1563348628]}} 
[2019-07-17 07:28:46] local.INFO: currentPipeline  {"currentPipeline":"280980"} 
[2019-07-17 07:28:59] local.INFO: currentPipeline  {"currentPipeline":280980} 
[2019-07-17 07:30:30] local.INFO: AUTOTASK_DATE {"LOG":{"6761437":[109,6761437,156,1563348749]}} 
[2019-07-17 07:31:01] local.INFO: currentPipeline  {"currentPipeline":280980} 
[2019-07-17 07:31:44] local.INFO: currentPipeline  {"currentPipeline":25848} 
[2019-07-17 07:31:48] local.INFO: success user {"responseLead":{"code":200,"response":{"_links":{"self":{"href":"/api/v2/leads","method":"post"}},"_embedded":{"items":[{"id":48860761,"updated_at":1563348706,"_links":{"self":{"href":"/api/v2/leads?id=48860761","method":"get"}}}]}}}} 
[2019-07-17 07:32:32] local.INFO: AUTOTASK_DATE {"LOG":{"6761437":[109,6761437,156,1563348870]}} 
[2019-07-17 07:32:49] local.INFO: currentPipeline  {"currentPipeline":"280980"} 
[2019-07-17 07:32:58] local.INFO: currentPipeline  {"currentPipeline":280980} 
[2019-07-17 07:34:32] local.INFO: AUTOTASK_DATE {"LOG":{"6761437":[109,6761437,156,1563348991]}} 
[2019-07-17 07:35:55] local.INFO: respCopyLead {"data":{"lead_id":"25625135","subdomain":"studyua","respChange":"Марьяна Карпенко","respCurrent":"STUDYUA, SUPPORT","userID":"912388"}} 
[2019-07-17 07:36:34] local.INFO: AUTOTASK_DATE {"LOG":{"6761437":[109,6761437,156,1563349113]}} 
[2019-07-17 07:38:39] local.INFO: AUTOTASK_DATE {"LOG":{"6761437":[109,6761437,156,1563349234]}} 
[2019-07-17 07:39:19] local.INFO: respCopyLead {"data":{"lead_id":"25624337","subdomain":"studyua","respChange":"Лариса Кривша","respCurrent":"STUDYUA, SUPPORT","userID":"912388"}} 
[2019-07-17 07:39:59] local.INFO: respCopyLead {"data":{"lead_id":"25625179","subdomain":"studyua","respChange":"Екатерина Радевич","respCurrent":"STUDYUA, SUPPORT","userID":"912388"}} 
[2019-07-17 07:40:38] local.INFO: AUTOTASK_DATE {"LOG":{"6761437":[109,6761437,156,1563349355]}} 
[2019-07-17 07:41:15] local.INFO: currentPipeline  {"currentPipeline":"280980"} 
[2019-07-17 07:42:38] local.INFO: AUTOTASK_DATE {"LOG":{"6761437":[109,6761437,156,1563349477]}} 
[2019-07-17 07:42:45] local.INFO: currentPipeline  {"currentPipeline":"280980"} 
[2019-07-17 07:43:24] local.INFO: currentPipeline  {"currentPipeline":"280980"} 
[2019-07-17 07:44:40] local.INFO: AUTOTASK_DATE {"LOG":{"6761437":[109,6761437,156,1563349599]}} 
[2019-07-17 07:45:13] local.INFO: currentPipeline  {"currentPipeline":"280980"} 
[2019-07-17 07:45:18] local.INFO: currentPipeline  {"currentPipeline":"280980"} 
[2019-07-17 07:46:43] local.INFO: AUTOTASK_DATE {"LOG":{"6761437":[109,6761437,156,1563349721]}} 
[2019-07-17 07:48:37] local.INFO: respCopyLead {"data":{"lead_id":"25625239","subdomain":"studyua","respChange":"VISA HE","respCurrent":"Наталья Погребная","userID":"912430"}} 
[2019-07-17 07:48:43] local.INFO: AUTOTASK_DATE {"LOG":{"6761437":[109,6761437,156,1563349842]}} 
[2019-07-17 07:48:51] local.INFO: currentPipeline  {"currentPipeline":"280980"} 
[2019-07-17 07:49:44] local.INFO: currentPipeline  {"currentPipeline":"280980"} 
[2019-07-17 07:50:14] local.INFO: respCopyLead {"data":{"lead_id":"25625261","subdomain":"studyua","respChange":"Дарья Волощук","respCurrent":"STUDYUA, SUPPORT","userID":"912388"}} 
[2019-07-17 07:50:45] local.INFO: AUTOTASK_DATE {"LOG":{"6761437":[109,6761437,156,1563349964]}} 
[2019-07-17 07:52:51] local.INFO: AUTOTASK_DATE {"LOG":{"6761437":[109,6761437,156,1563350089]}} 
[2019-07-17 07:53:03] local.INFO: respCopyLead {"data":{"lead_id":"25625291","subdomain":"studyua","respChange":"odessa@study.ua","respCurrent":"STUDYUA, SUPPORT","userID":"912388"}} 
[2019-07-17 07:54:38] local.INFO: currentPipeline  {"currentPipeline":"280980"} 
[2019-07-17 07:54:51] local.INFO: AUTOTASK_DATE {"LOG":{"6761437":[109,6761437,156,1563350211]}} 
[2019-07-17 07:56:53] local.INFO: AUTOTASK_DATE {"LOG":{"6761437":[109,6761437,156,1563350332]}} 
[2019-07-17 07:58:28] local.INFO: currentPipeline  {"currentPipeline":280980} 
[2019-07-17 07:58:59] local.INFO: respCopyLead {"data":{"lead_id":"25625339","subdomain":"studyua","respChange":"Наталья Погребная","respCurrent":"STUDYUA, SUPPORT","userID":"912388"}} 
[2019-07-17 07:59:01] local.INFO: currentPipeline  {"currentPipeline":"280980"} 
[2019-07-17 07:59:08] local.INFO: AUTOTASK_DATE {"LOG":{"6761437":[109,6761437,156,1563350462]}} 
[2019-07-17 08:01:00] local.INFO: currentPipeline  {"currentPipeline":"280980"} 
[2019-07-17 08:01:07] local.INFO: AUTOTASK_DATE {"LOG":{"6761437":[109,6761437,156,1563350584]}} 
[2019-07-17 08:01:32] local.INFO: currentPipeline  {"currentPipeline":280980} 
[2019-07-17 08:03:08] local.INFO: AUTOTASK_DATE {"LOG":{"6761437":[109,6761437,156,1563350707]}} 
[2019-07-17 08:03:09] local.INFO: currentPipeline  {"currentPipeline":"280980"} 
[2019-07-17 08:04:03] local.INFO: respCopyLead {"data":{"lead_id":"25625391","subdomain":"studyua","respChange":"odessa@study.ua","respCurrent":"STUDYUA, SUPPORT","userID":"912388"}} 
[2019-07-17 08:05:11] local.INFO: AUTOTASK_DATE {"LOG":{"6761437":[109,6761437,156,1563350829]}} 
[2019-07-17 08:07:12] local.INFO: AUTOTASK_DATE {"LOG":{"6761437":[109,6761437,156,1563350951]}} 
[2019-07-17 08:09:14] local.INFO: AUTOTASK_DATE {"LOG":{"6761437":[109,6761437,156,1563351074]}} 
[2019-07-17 08:10:39] local.INFO: currentPipeline  {"currentPipeline":280980} 
[2019-07-17 08:10:56] local.INFO: respCopyLead {"data":{"lead_id":"52920564","subdomain":"akvalifeclub","respChange":"Екатерина Чечёткина","respCurrent":"Михаил Рудаков","userID":"2972799"}} 
[2019-07-17 08:11:18] local.INFO: AUTOTASK_DATE {"LOG":{"6761437":[109,6761437,156,1563351197]}} 
[2019-07-17 08:13:22] local.INFO: AUTOTASK_DATE {"LOG":{"6761437":[109,6761437,156,1563351320]}} 
[2019-07-17 08:13:26] local.INFO: respCopyLead {"data":{"lead_id":"25625179","subdomain":"studyua","respChange":"Лариса Кривша","respCurrent":"Екатерина Радевич","userID":"3308770"}} 
[2019-07-17 08:15:23] local.INFO: AUTOTASK_DATE {"LOG":{"6761437":[109,6761437,156,1563351442]}} 
[2019-07-17 08:17:27] local.INFO: AUTOTASK_DATE {"LOG":{"6761437":[109,6761437,156,1563351565]}} 
[2019-07-17 08:18:06] local.ERROR: Undefined offset: 21907432 {"exception":"[object] (ErrorException(code: 0): Undefined offset: 21907432 at /home/u349676/terminal.linerapp.com/app/Http/Controllers/LeadController.php:729)
[stacktrace]
#0 /home/u349676/terminal.linerapp.com/app/Http/Controllers/LeadController.php(729): Illuminate\\Foundation\\Bootstrap\\HandleExceptions->handleError(8, 'Undefined offse...', '/home/u349676/t...', 729, Array)
#1 [internal function]: App\\Http\\Controllers\\LeadController->copy(Object(Illuminate\\Http\\Request))
#2 /home/u349676/terminal.linerapp.com/vendor/laravel/framework/src/Illuminate/Routing/Controller.php(54): call_user_func_array(Array, Array)
#3 /home/u349676/terminal.linerapp.com/vendor/laravel/framework/src/Illuminate/Routing/ControllerDispatcher.php(45): Illuminate\\Routing\\Controller->callAction('copy', Array)
#4 /home/u349676/terminal.linerapp.com/vendor/laravel/framework/src/Illuminate/Routing/Route.php(212): Illuminate\\Routing\\ControllerDispatcher->dispatch(Object(Illuminate\\Routing\\Route), Object(App\\Http\\Controllers\\LeadController), 'copy')
#5 /home/u349676/terminal.linerapp.com/vendor/laravel/framework/src/Illuminate/Routing/Route.php(169): Illuminate\\Routing\\Route->runController()
#6 /home/u349676/terminal.linerapp.com/vendor/laravel/framework/src/Illuminate/Routing/Router.php(645): Illuminate\\Routing\\Route->run()
#7 /home/u349676/terminal.linerapp.com/vendor/laravel/framework/src/Illuminate/Routing/Pipeline.php(30): Illuminate\\Routing\\Router->Illuminate\\Routing\\{closure}(Object(Illuminate\\Http\\Request))
#8 /home/u349676/terminal.linerapp.com/vendor/laravel/framework/src/Illuminate/Routing/Middleware/SubstituteBindings.php(41): Illuminate\\Routing\\Pipeline->Illuminate\\Routing\\{closure}(Object(Illuminate\\Http\\Request))
#9 /home/u349676/terminal.linerapp.com/vendor/laravel/framework/src/Illuminate/Pipeline/Pipeline.php(149): Illuminate\\Routing\\Middleware\\SubstituteBindings->handle(Object(Illuminate\\Http\\Request), Object(Closure))
#10 /home/u349676/terminal.linerapp.com/vendor/laravel/framework/src/Illuminate/Routing/Pipeline.php(53): Illuminate\\Pipeline\\Pipeline->Illuminate\\Pipeline\\{closure}(Object(Illuminate\\Http\\Request))
#11 /home/u349676/terminal.linerapp.com/vendor/laravel/framework/src/Illuminate/Foundation/Http/Middleware/VerifyCsrfToken.php(67): Illuminate\\Routing\\Pipeline->Illuminate\\Routing\\{closure}(Object(Illuminate\\Http\\Request))
#12 /home/u349676/terminal.linerapp.com/vendor/laravel/framework/src/Illuminate/Pipeline/Pipeline.php(149): Illuminate\\Foundation\\Http\\Middleware\\VerifyCsrfToken->handle(Object(Illuminate\\Http\\Request), Object(Closure))
#13 /home/u349676/terminal.linerapp.com/vendor/laravel/framework/src/Illuminate/Routing/Pipeline.php(53): Illuminate\\Pipeline\\Pipeline->Illuminate\\Pipeline\\{closure}(Object(Illuminate\\Http\\Request))
#14 /home/u349676/terminal.linerapp.com/vendor/laravel/framework/src/Illuminate/View/Middleware/ShareErrorsFromSession.php(49): Illuminate\\Routing\\Pipeline->Illuminate\\Routing\\{closure}(Object(Illuminate\\Http\\Request))
#15 /home/u349676/terminal.linerapp.com/vendor/laravel/framework/src/Illuminate/Pipeline/Pipeline.php(149): Illuminate\\View\\Middleware\\ShareErrorsFromSession->handle(Object(Illuminate\\Http\\Request), Object(Closure))
#16 /home/u349676/terminal.linerapp.com/vendor/laravel/framework/src/Illuminate/Routing/Pipeline.php(53): Illuminate\\Pipeline\\Pipeline->Illuminate\\Pipeline\\{closure}(Object(Illuminate\\Http\\Request))
#17 /home/u349676/terminal.linerapp.com/vendor/laravel/framework/src/Illuminate/Session/Middleware/StartSession.php(63): Illuminate\\Routing\\Pipeline->Illuminate\\Routing\\{closure}(Object(Illuminate\\Http\\Request))
#18 /home/u349676/terminal.linerapp.com/vendor/laravel/framework/src/Illuminate/Pipeline/Pipeline.php(149): Illuminate\\Session\\Middleware\\StartSession->handle(Object(Illuminate\\Http\\Request), Object(Closure))
#19 /home/u349676/terminal.linerapp.com/vendor/laravel/framework/src/Illuminate/Routing/Pipeline.php(53): Illuminate\\Pipeline\\Pipeline->Illuminate\\Pipeline\\{closure}(Object(Illuminate\\Http\\Request))
#20 /home/u349676/terminal.linerapp.com/vendor/laravel/framework/src/Illuminate/Cookie/Middleware/AddQueuedCookiesToResponse.php(37): Illuminate\\Routing\\Pipeline->Illuminate\\Routing\\{closure}(Object(Illuminate\\Http\\Request))
#21 /home/u349676/terminal.linerapp.com/vendor/laravel/framework/src/Illuminate/Pipeline/Pipeline.php(149): Illuminate\\Cookie\\Middleware\\AddQueuedCookiesToResponse->handle(Object(Illuminate\\Http\\Request), Object(Closure))
#22 /home/u349676/terminal.linerapp.com/vendor/laravel/framework/src/Illuminate/Routing/Pipeline.php(53): Illuminate\\Pipeline\\Pipeline->Illuminate\\Pipeline\\{closure}(Object(Illuminate\\Http\\Request))
#23 /home/u349676/terminal.linerapp.com/vendor/laravel/framework/src/Illuminate/Cookie/Middleware/EncryptCookies.php(59): Illuminate\\Routing\\Pipeline->Illuminate\\Routing\\{closure}(Object(Illuminate\\Http\\Request))
#24 /home/u349676/terminal.linerapp.com/vendor/laravel/framework/src/Illuminate/Pipeline/Pipeline.php(149): Illuminate\\Cookie\\Middleware\\EncryptCookies->handle(Object(Illuminate\\Http\\Request), Object(Closure))
#25 /home/u349676/terminal.linerapp.com/vendor/laravel/framework/src/Illuminate/Routing/Pipeline.php(53): Illuminate\\Pipeline\\Pipeline->Illuminate\\Pipeline\\{closure}(Object(Illuminate\\Http\\Request))
#26 /home/u349676/terminal.linerapp.com/vendor/laravel/framework/src/Illuminate/Pipeline/Pipeline.php(102): Illuminate\\Routing\\Pipeline->Illuminate\\Routing\\{closure}(Object(Illuminate\\Http\\Request))
#27 /home/u349676/terminal.linerapp.com/vendor/laravel/framework/src/Illuminate/Routing/Router.php(647): Illuminate\\Pipeline\\Pipeline->then(Object(Closure))
#28 /home/u349676/terminal.linerapp.com/vendor/laravel/framework/src/Illuminate/Routing/Router.php(622): Illuminate\\Routing\\Router->runRouteWithinStack(Object(Illuminate\\Routing\\Route), Object(Illuminate\\Http\\Request))
#29 /home/u349676/terminal.linerapp.com/vendor/laravel/framework/src/Illuminate/Routing/Router.php(588): Illuminate\\Routing\\Router->runRoute(Object(Illuminate\\Http\\Request), Object(Illuminate\\Routing\\Route))
#30 /home/u349676/terminal.linerapp.com/vendor/laravel/framework/src/Illuminate/Routing/Router.php(577): Illuminate\\Routing\\Router->dispatchToRoute(Object(Illuminate\\Http\\Request))
#31 /home/u349676/terminal.linerapp.com/vendor/laravel/framework/src/Illuminate/Foundation/Http/Kernel.php(176): Illuminate\\Routing\\Router->dispatch(Object(Illuminate\\Http\\Request))
#32 /home/u349676/terminal.linerapp.com/vendor/laravel/framework/src/Illuminate/Routing/Pipeline.php(30): Illuminate\\Foundation\\Http\\Kernel->Illuminate\\Foundation\\Http\\{closure}(Object(Illuminate\\Http\\Request))
#33 /home/u349676/terminal.linerapp.com/vendor/fideloper/proxy/src/TrustProxies.php(56): Illuminate\\Routing\\Pipeline->Illuminate\\Routing\\{closure}(Object(Illuminate\\Http\\Request))
#34 /home/u349676/terminal.linerapp.com/vendor/laravel/framework/src/Illuminate/Pipeline/Pipeline.php(149): Fideloper\\Proxy\\TrustProxies->handle(Object(Illuminate\\Http\\Request), Object(Closure))
#35 /home/u349676/terminal.linerapp.com/vendor/laravel/framework/src/Illuminate/Routing/Pipeline.php(53): Illuminate\\Pipeline\\Pipeline->Illuminate\\Pipeline\\{closure}(Object(Illuminate\\Http\\Request))
#36 /home/u349676/terminal.linerapp.com/vendor/laravel/framework/src/Illuminate/Foundation/Http/Middleware/TransformsRequest.php(30): Illuminate\\Routing\\Pipeline->Illuminate\\Routing\\{closure}(Object(Illuminate\\Http\\Request))
#37 /home/u349676/terminal.linerapp.com/vendor/laravel/framework/src/Illuminate/Pipeline/Pipeline.php(149): Illuminate\\Foundation\\Http\\Middleware\\TransformsRequest->handle(Object(Illuminate\\Http\\Request), Object(Closure))
#38 /home/u349676/terminal.linerapp.com/vendor/laravel/framework/src/Illuminate/Routing/Pipeline.php(53): Illuminate\\Pipeline\\Pipeline->Illuminate\\Pipeline\\{closure}(Object(Illuminate\\Http\\Request))
#39 /home/u349676/terminal.linerapp.com/vendor/laravel/framework/src/Illuminate/Foundation/Http/Middleware/TransformsRequest.php(30): Illuminate\\Routing\\Pipeline->Illuminate\\Routing\\{closure}(Object(Illuminate\\Http\\Request))
#40 /home/u349676/terminal.linerapp.com/vendor/laravel/framework/src/Illuminate/Pipeline/Pipeline.php(149): Illuminate\\Foundation\\Http\\Middleware\\TransformsRequest->handle(Object(Illuminate\\Http\\Request), Object(Closure))
#41 /home/u349676/terminal.linerapp.com/vendor/laravel/framework/src/Illuminate/Routing/Pipeline.php(53): Illuminate\\Pipeline\\Pipeline->Illuminate\\Pipeline\\{closure}(Object(Illuminate\\Http\\Request))
#42 /home/u349676/terminal.linerapp.com/vendor/laravel/framework/src/Illuminate/Foundation/Http/Middleware/ValidatePostSize.php(27): Illuminate\\Routing\\Pipeline->Illuminate\\Routing\\{closure}(Object(Illuminate\\Http\\Request))
#43 /home/u349676/terminal.linerapp.com/vendor/laravel/framework/src/Illuminate/Pipeline/Pipeline.php(149): Illuminate\\Foundation\\Http\\Middleware\\ValidatePostSize->handle(Object(Illuminate\\Http\\Request), Object(Closure))
#44 /home/u349676/terminal.linerapp.com/vendor/laravel/framework/src/Illuminate/Routing/Pipeline.php(53): Illuminate\\Pipeline\\Pipeline->Illuminate\\Pipeline\\{closure}(Object(Illuminate\\Http\\Request))
#45 /home/u349676/terminal.linerapp.com/vendor/laravel/framework/src/Illuminate/Foundation/Http/Middleware/CheckForMaintenanceMode.php(46): Illuminate\\Routing\\Pipeline->Illuminate\\Routing\\{closure}(Object(Illuminate\\Http\\Request))
#46 /home/u349676/terminal.linerapp.com/vendor/laravel/framework/src/Illuminate/Pipeline/Pipeline.php(149): Illuminate\\Foundation\\Http\\Middleware\\CheckForMaintenanceMode->handle(Object(Illuminate\\Http\\Request), Object(Closure))
#47 /home/u349676/terminal.linerapp.com/vendor/laravel/framework/src/Illuminate/Routing/Pipeline.php(53): Illuminate\\Pipeline\\Pipeline->Illuminate\\Pipeline\\{closure}(Object(Illuminate\\Http\\Request))
#48 /home/u349676/terminal.linerapp.com/vendor/laravel/framework/src/Illuminate/Pipeline/Pipeline.php(102): Illuminate\\Routing\\Pipeline->Illuminate\\Routing\\{closure}(Object(Illuminate\\Http\\Request))
#49 /home/u349676/terminal.linerapp.com/vendor/laravel/framework/src/Illuminate/Foundation/Http/Kernel.php(151): Illuminate\\Pipeline\\Pipeline->then(Object(Closure))
#50 /home/u349676/terminal.linerapp.com/vendor/laravel/framework/src/Illuminate/Foundation/Http/Kernel.php(116): Illuminate\\Foundation\\Http\\Kernel->sendRequestThroughRouter(Object(Illuminate\\Http\\Request))
#51 /home/u349676/terminal.linerapp.com/html/index.php(55): Illuminate\\Foundation\\Http\\Kernel->handle(Object(Illuminate\\Http\\Request))
#52 {main}
"} 
[2019-07-17 08:18:25] local.ERROR: Undefined offset: 21907432 {"exception":"[object] (ErrorException(code: 0): Undefined offset: 21907432 at /home/u349676/terminal.linerapp.com/app/Http/Controllers/LeadController.php:729)
[stacktrace]
#0 /home/u349676/terminal.linerapp.com/app/Http/Controllers/LeadController.php(729): Illuminate\\Foundation\\Bootstrap\\HandleExceptions->handleError(8, 'Undefined offse...', '/home/u349676/t...', 729, Array)
#1 [internal function]: App\\Http\\Controllers\\LeadController->copy(Object(Illuminate\\Http\\Request))
#2 /home/u349676/terminal.linerapp.com/vendor/laravel/framework/src/Illuminate/Routing/Controller.php(54): call_user_func_array(Array, Array)
#3 /home/u349676/terminal.linerapp.com/vendor/laravel/framework/src/Illuminate/Routing/ControllerDispatcher.php(45): Illuminate\\Routing\\Controller->callAction('copy', Array)
#4 /home/u349676/terminal.linerapp.com/vendor/laravel/framework/src/Illuminate/Routing/Route.php(212): Illuminate\\Routing\\ControllerDispatcher->dispatch(Object(Illuminate\\Routing\\Route), Object(App\\Http\\Controllers\\LeadController), 'copy')
#5 /home/u349676/terminal.linerapp.com/vendor/laravel/framework/src/Illuminate/Routing/Route.php(169): Illuminate\\Routing\\Route->runController()
#6 /home/u349676/terminal.linerapp.com/vendor/laravel/framework/src/Illuminate/Routing/Router.php(645): Illuminate\\Routing\\Route->run()
#7 /home/u349676/terminal.linerapp.com/vendor/laravel/framework/src/Illuminate/Routing/Pipeline.php(30): Illuminate\\Routing\\Router->Illuminate\\Routing\\{closure}(Object(Illuminate\\Http\\Request))
#8 /home/u349676/terminal.linerapp.com/vendor/laravel/framework/src/Illuminate/Routing/Middleware/SubstituteBindings.php(41): Illuminate\\Routing\\Pipeline->Illuminate\\Routing\\{closure}(Object(Illuminate\\Http\\Request))
#9 /home/u349676/terminal.linerapp.com/vendor/laravel/framework/src/Illuminate/Pipeline/Pipeline.php(149): Illuminate\\Routing\\Middleware\\SubstituteBindings->handle(Object(Illuminate\\Http\\Request), Object(Closure))
#10 /home/u349676/terminal.linerapp.com/vendor/laravel/framework/src/Illuminate/Routing/Pipeline.php(53): Illuminate\\Pipeline\\Pipeline->Illuminate\\Pipeline\\{closure}(Object(Illuminate\\Http\\Request))
#11 /home/u349676/terminal.linerapp.com/vendor/laravel/framework/src/Illuminate/Foundation/Http/Middleware/VerifyCsrfToken.php(67): Illuminate\\Routing\\Pipeline->Illuminate\\Routing\\{closure}(Object(Illuminate\\Http\\Request))
#12 /home/u349676/terminal.linerapp.com/vendor/laravel/framework/src/Illuminate/Pipeline/Pipeline.php(149): Illuminate\\Foundation\\Http\\Middleware\\VerifyCsrfToken->handle(Object(Illuminate\\Http\\Request), Object(Closure))
#13 /home/u349676/terminal.linerapp.com/vendor/laravel/framework/src/Illuminate/Routing/Pipeline.php(53): Illuminate\\Pipeline\\Pipeline->Illuminate\\Pipeline\\{closure}(Object(Illuminate\\Http\\Request))
#14 /home/u349676/terminal.linerapp.com/vendor/laravel/framework/src/Illuminate/View/Middleware/ShareErrorsFromSession.php(49): Illuminate\\Routing\\Pipeline->Illuminate\\Routing\\{closure}(Object(Illuminate\\Http\\Request))
#15 /home/u349676/terminal.linerapp.com/vendor/laravel/framework/src/Illuminate/Pipeline/Pipeline.php(149): Illuminate\\View\\Middleware\\ShareErrorsFromSession->handle(Object(Illuminate\\Http\\Request), Object(Closure))
#16 /home/u349676/terminal.linerapp.com/vendor/laravel/framework/src/Illuminate/Routing/Pipeline.php(53): Illuminate\\Pipeline\\Pipeline->Illuminate\\Pipeline\\{closure}(Object(Illuminate\\Http\\Request))
#17 /home/u349676/terminal.linerapp.com/vendor/laravel/framework/src/Illuminate/Session/Middleware/StartSession.php(63): Illuminate\\Routing\\Pipeline->Illuminate\\Routing\\{closure}(Object(Illuminate\\Http\\Request))
#18 /home/u349676/terminal.linerapp.com/vendor/laravel/framework/src/Illuminate/Pipeline/Pipeline.php(149): Illuminate\\Session\\Middleware\\StartSession->handle(Object(Illuminate\\Http\\Request), Object(Closure))
#19 /home/u349676/terminal.linerapp.com/vendor/laravel/framework/src/Illuminate/Routing/Pipeline.php(53): Illuminate\\Pipeline\\Pipeline->Illuminate\\Pipeline\\{closure}(Object(Illuminate\\Http\\Request))
#20 /home/u349676/terminal.linerapp.com/vendor/laravel/framework/src/Illuminate/Cookie/Middleware/AddQueuedCookiesToResponse.php(37): Illuminate\\Routing\\Pipeline->Illuminate\\Routing\\{closure}(Object(Illuminate\\Http\\Request))
#21 /home/u349676/terminal.linerapp.com/vendor/laravel/framework/src/Illuminate/Pipeline/Pipeline.php(149): Illuminate\\Cookie\\Middleware\\AddQueuedCookiesToResponse->handle(Object(Illuminate\\Http\\Request), Object(Closure))
#22 /home/u349676/terminal.linerapp.com/vendor/laravel/framework/src/Illuminate/Routing/Pipeline.php(53): Illuminate\\Pipeline\\Pipeline->Illuminate\\Pipeline\\{closure}(Object(Illuminate\\Http\\Request))
#23 /home/u349676/terminal.linerapp.com/vendor/laravel/framework/src/Illuminate/Cookie/Middleware/EncryptCookies.php(59): Illuminate\\Routing\\Pipeline->Illuminate\\Routing\\{closure}(Object(Illuminate\\Http\\Request))
#24 /home/u349676/terminal.linerapp.com/vendor/laravel/framework/src/Illuminate/Pipeline/Pipeline.php(149): Illuminate\\Cookie\\Middleware\\EncryptCookies->handle(Object(Illuminate\\Http\\Request), Object(Closure))
#25 /home/u349676/terminal.linerapp.com/vendor/laravel/framework/src/Illuminate/Routing/Pipeline.php(53): Illuminate\\Pipeline\\Pipeline->Illuminate\\Pipeline\\{closure}(Object(Illuminate\\Http\\Request))
#26 /home/u349676/terminal.linerapp.com/vendor/laravel/framework/src/Illuminate/Pipeline/Pipeline.php(102): Illuminate\\Routing\\Pipeline->Illuminate\\Routing\\{closure}(Object(Illuminate\\Http\\Request))
#27 /home/u349676/terminal.linerapp.com/vendor/laravel/framework/src/Illuminate/Routing/Router.php(647): Illuminate\\Pipeline\\Pipeline->then(Object(Closure))
#28 /home/u349676/terminal.linerapp.com/vendor/laravel/framework/src/Illuminate/Routing/Router.php(622): Illuminate\\Routing\\Router->runRouteWithinStack(Object(Illuminate\\Routing\\Route), Object(Illuminate\\Http\\Request))
#29 /home/u349676/terminal.linerapp.com/vendor/laravel/framework/src/Illuminate/Routing/Router.php(588): Illuminate\\Routing\\Router->runRoute(Object(Illuminate\\Http\\Request), Object(Illuminate\\Routing\\Route))
#30 /home/u349676/terminal.linerapp.com/vendor/laravel/framework/src/Illuminate/Routing/Router.php(577): Illuminate\\Routing\\Router->dispatchToRoute(Object(Illuminate\\Http\\Request))
#31 /home/u349676/terminal.linerapp.com/vendor/laravel/framework/src/Illuminate/Foundation/Http/Kernel.php(176): Illuminate\\Routing\\Router->dispatch(Object(Illuminate\\Http\\Request))
#32 /home/u349676/terminal.linerapp.com/vendor/laravel/framework/src/Illuminate/Routing/Pipeline.php(30): Illuminate\\Foundation\\Http\\Kernel->Illuminate\\Foundation\\Http\\{closure}(Object(Illuminate\\Http\\Request))
#33 /home/u349676/terminal.linerapp.com/vendor/fideloper/proxy/src/TrustProxies.php(56): Illuminate\\Routing\\Pipeline->Illuminate\\Routing\\{closure}(Object(Illuminate\\Http\\Request))
#34 /home/u349676/terminal.linerapp.com/vendor/laravel/framework/src/Illuminate/Pipeline/Pipeline.php(149): Fideloper\\Proxy\\TrustProxies->handle(Object(Illuminate\\Http\\Request), Object(Closure))
#35 /home/u349676/terminal.linerapp.com/vendor/laravel/framework/src/Illuminate/Routing/Pipeline.php(53): Illuminate\\Pipeline\\Pipeline->Illuminate\\Pipeline\\{closure}(Object(Illuminate\\Http\\Request))
#36 /home/u349676/terminal.linerapp.com/vendor/laravel/framework/src/Illuminate/Foundation/Http/Middleware/TransformsRequest.php(30): Illuminate\\Routing\\Pipeline->Illuminate\\Routing\\{closure}(Object(Illuminate\\Http\\Request))
#37 /home/u349676/terminal.linerapp.com/vendor/laravel/framework/src/Illuminate/Pipeline/Pipeline.php(149): Illuminate\\Foundation\\Http\\Middleware\\TransformsRequest->handle(Object(Illuminate\\Http\\Request), Object(Closure))
#38 /home/u349676/terminal.linerapp.com/vendor/laravel/framework/src/Illuminate/Routing/Pipeline.php(53): Illuminate\\Pipeline\\Pipeline->Illuminate\\Pipeline\\{closure}(Object(Illuminate\\Http\\Request))
#39 /home/u349676/terminal.linerapp.com/vendor/laravel/framework/src/Illuminate/Foundation/Http/Middleware/TransformsRequest.php(30): Illuminate\\Routing\\Pipeline->Illuminate\\Routing\\{closure}(Object(Illuminate\\Http\\Request))
#40 /home/u349676/terminal.linerapp.com/vendor/laravel/framework/src/Illuminate/Pipeline/Pipeline.php(149): Illuminate\\Foundation\\Http\\Middleware\\TransformsRequest->handle(Object(Illuminate\\Http\\Request), Object(Closure))
#41 /home/u349676/terminal.linerapp.com/vendor/laravel/framework/src/Illuminate/Routing/Pipeline.php(53): Illuminate\\Pipeline\\Pipeline->Illuminate\\Pipeline\\{closure}(Object(Illuminate\\Http\\Request))
#42 /home/u349676/terminal.linerapp.com/vendor/laravel/framework/src/Illuminate/Foundation/Http/Middleware/ValidatePostSize.php(27): Illuminate\\Routing\\Pipeline->Illuminate\\Routing\\{closure}(Object(Illuminate\\Http\\Request))
#43 /home/u349676/terminal.linerapp.com/vendor/laravel/framework/src/Illuminate/Pipeline/Pipeline.php(149): Illuminate\\Foundation\\Http\\Middleware\\ValidatePostSize->handle(Object(Illuminate\\Http\\Request), Object(Closure))
#44 /home/u349676/terminal.linerapp.com/vendor/laravel/framework/src/Illuminate/Routing/Pipeline.php(53): Illuminate\\Pipeline\\Pipeline->Illuminate\\Pipeline\\{closure}(Object(Illuminate\\Http\\Request))
#45 /home/u349676/terminal.linerapp.com/vendor/laravel/framework/src/Illuminate/Foundation/Http/Middleware/CheckForMaintenanceMode.php(46): Illuminate\\Routing\\Pipeline->Illuminate\\Routing\\{closure}(Object(Illuminate\\Http\\Request))
#46 /home/u349676/terminal.linerapp.com/vendor/laravel/framework/src/Illuminate/Pipeline/Pipeline.php(149): Illuminate\\Foundation\\Http\\Middleware\\CheckForMaintenanceMode->handle(Object(Illuminate\\Http\\Request), Object(Closure))
#47 /home/u349676/terminal.linerapp.com/vendor/laravel/framework/src/Illuminate/Routing/Pipeline.php(53): Illuminate\\Pipeline\\Pipeline->Illuminate\\Pipeline\\{closure}(Object(Illuminate\\Http\\Request))
#48 /home/u349676/terminal.linerapp.com/vendor/laravel/framework/src/Illuminate/Pipeline/Pipeline.php(102): Illuminate\\Routing\\Pipeline->Illuminate\\Routing\\{closure}(Object(Illuminate\\Http\\Request))
#49 /home/u349676/terminal.linerapp.com/vendor/laravel/framework/src/Illuminate/Foundation/Http/Kernel.php(151): Illuminate\\Pipeline\\Pipeline->then(Object(Closure))
#50 /home/u349676/terminal.linerapp.com/vendor/laravel/framework/src/Illuminate/Foundation/Http/Kernel.php(116): Illuminate\\Foundation\\Http\\Kernel->sendRequestThroughRouter(Object(Illuminate\\Http\\Request))
#51 /home/u349676/terminal.linerapp.com/html/index.php(55): Illuminate\\Foundation\\Http\\Kernel->handle(Object(Illuminate\\Http\\Request))
#52 {main}
"} 
[2019-07-17 08:19:28] local.INFO: AUTOTASK_DATE {"LOG":{"6761437":[109,6761437,156,1563351688]}} 
[2019-07-17 08:20:00] local.ERROR: Undefined offset: 21907432 {"exception":"[object] (ErrorException(code: 0): Undefined offset: 21907432 at /home/u349676/terminal.linerapp.com/app/Http/Controllers/LeadController.php:729)
[stacktrace]
#0 /home/u349676/terminal.linerapp.com/app/Http/Controllers/LeadController.php(729): Illuminate\\Foundation\\Bootstrap\\HandleExceptions->handleError(8, 'Undefined offse...', '/home/u349676/t...', 729, Array)
#1 [internal function]: App\\Http\\Controllers\\LeadController->copy(Object(Illuminate\\Http\\Request))
#2 /home/u349676/terminal.linerapp.com/vendor/laravel/framework/src/Illuminate/Routing/Controller.php(54): call_user_func_array(Array, Array)
#3 /home/u349676/terminal.linerapp.com/vendor/laravel/framework/src/Illuminate/Routing/ControllerDispatcher.php(45): Illuminate\\Routing\\Controller->callAction('copy', Array)
#4 /home/u349676/terminal.linerapp.com/vendor/laravel/framework/src/Illuminate/Routing/Route.php(212): Illuminate\\Routing\\ControllerDispatcher->dispatch(Object(Illuminate\\Routing\\Route), Object(App\\Http\\Controllers\\LeadController), 'copy')
#5 /home/u349676/terminal.linerapp.com/vendor/laravel/framework/src/Illuminate/Routing/Route.php(169): Illuminate\\Routing\\Route->runController()
#6 /home/u349676/terminal.linerapp.com/vendor/laravel/framework/src/Illuminate/Routing/Router.php(645): Illuminate\\Routing\\Route->run()
#7 /home/u349676/terminal.linerapp.com/vendor/laravel/framework/src/Illuminate/Routing/Pipeline.php(30): Illuminate\\Routing\\Router->Illuminate\\Routing\\{closure}(Object(Illuminate\\Http\\Request))
#8 /home/u349676/terminal.linerapp.com/vendor/laravel/framework/src/Illuminate/Routing/Middleware/SubstituteBindings.php(41): Illuminate\\Routing\\Pipeline->Illuminate\\Routing\\{closure}(Object(Illuminate\\Http\\Request))
#9 /home/u349676/terminal.linerapp.com/vendor/laravel/framework/src/Illuminate/Pipeline/Pipeline.php(149): Illuminate\\Routing\\Middleware\\SubstituteBindings->handle(Object(Illuminate\\Http\\Request), Object(Closure))
#10 /home/u349676/terminal.linerapp.com/vendor/laravel/framework/src/Illuminate/Routing/Pipeline.php(53): Illuminate\\Pipeline\\Pipeline->Illuminate\\Pipeline\\{closure}(Object(Illuminate\\Http\\Request))
#11 /home/u349676/terminal.linerapp.com/vendor/laravel/framework/src/Illuminate/Foundation/Http/Middleware/VerifyCsrfToken.php(67): Illuminate\\Routing\\Pipeline->Illuminate\\Routing\\{closure}(Object(Illuminate\\Http\\Request))
#12 /home/u349676/terminal.linerapp.com/vendor/laravel/framework/src/Illuminate/Pipeline/Pipeline.php(149): Illuminate\\Foundation\\Http\\Middleware\\VerifyCsrfToken->handle(Object(Illuminate\\Http\\Request), Object(Closure))
#13 /home/u349676/terminal.linerapp.com/vendor/laravel/framework/src/Illuminate/Routing/Pipeline.php(53): Illuminate\\Pipeline\\Pipeline->Illuminate\\Pipeline\\{closure}(Object(Illuminate\\Http\\Request))
#14 /home/u349676/terminal.linerapp.com/vendor/laravel/framework/src/Illuminate/View/Middleware/ShareErrorsFromSession.php(49): Illuminate\\Routing\\Pipeline->Illuminate\\Routing\\{closure}(Object(Illuminate\\Http\\Request))
#15 /home/u349676/terminal.linerapp.com/vendor/laravel/framework/src/Illuminate/Pipeline/Pipeline.php(149): Illuminate\\View\\Middleware\\ShareErrorsFromSession->handle(Object(Illuminate\\Http\\Request), Object(Closure))
#16 /home/u349676/terminal.linerapp.com/vendor/laravel/framework/src/Illuminate/Routing/Pipeline.php(53): Illuminate\\Pipeline\\Pipeline->Illuminate\\Pipeline\\{closure}(Object(Illuminate\\Http\\Request))
#17 /home/u349676/terminal.linerapp.com/vendor/laravel/framework/src/Illuminate/Session/Middleware/StartSession.php(63): Illuminate\\Routing\\Pipeline->Illuminate\\Routing\\{closure}(Object(Illuminate\\Http\\Request))
#18 /home/u349676/terminal.linerapp.com/vendor/laravel/framework/src/Illuminate/Pipeline/Pipeline.php(149): Illuminate\\Session\\Middleware\\StartSession->handle(Object(Illuminate\\Http\\Request), Object(Closure))
#19 /home/u349676/terminal.linerapp.com/vendor/laravel/framework/src/Illuminate/Routing/Pipeline.php(53): Illuminate\\Pipeline\\Pipeline->Illuminate\\Pipeline\\{closure}(Object(Illuminate\\Http\\Request))
#20 /home/u349676/terminal.linerapp.com/vendor/laravel/framework/src/Illuminate/Cookie/Middleware/AddQueuedCookiesToResponse.php(37): Illuminate\\Routing\\Pipeline->Illuminate\\Routing\\{closure}(Object(Illuminate\\Http\\Request))
#21 /home/u349676/terminal.linerapp.com/vendor/laravel/framework/src/Illuminate/Pipeline/Pipeline.php(149): Illuminate\\Cookie\\Middleware\\AddQueuedCookiesToResponse->handle(Object(Illuminate\\Http\\Request), Object(Closure))
#22 /home/u349676/terminal.linerapp.com/vendor/laravel/framework/src/Illuminate/Routing/Pipeline.php(53): Illuminate\\Pipeline\\Pipeline->Illuminate\\Pipeline\\{closure}(Object(Illuminate\\Http\\Request))
#23 /home/u349676/terminal.linerapp.com/vendor/laravel/framework/src/Illuminate/Cookie/Middleware/EncryptCookies.php(59): Illuminate\\Routing\\Pipeline->Illuminate\\Routing\\{closure}(Object(Illuminate\\Http\\Request))
#24 /home/u349676/terminal.linerapp.com/vendor/laravel/framework/src/Illuminate/Pipeline/Pipeline.php(149): Illuminate\\Cookie\\Middleware\\EncryptCookies->handle(Object(Illuminate\\Http\\Request), Object(Closure))
#25 /home/u349676/terminal.linerapp.com/vendor/laravel/framework/src/Illuminate/Routing/Pipeline.php(53): Illuminate\\Pipeline\\Pipeline->Illuminate\\Pipeline\\{closure}(Object(Illuminate\\Http\\Request))
#26 /home/u349676/terminal.linerapp.com/vendor/laravel/framework/src/Illuminate/Pipeline/Pipeline.php(102): Illuminate\\Routing\\Pipeline->Illuminate\\Routing\\{closure}(Object(Illuminate\\Http\\Request))
#27 /home/u349676/terminal.linerapp.com/vendor/laravel/framework/src/Illuminate/Routing/Router.php(647): Illuminate\\Pipeline\\Pipeline->then(Object(Closure))
#28 /home/u349676/terminal.linerapp.com/vendor/laravel/framework/src/Illuminate/Routing/Router.php(622): Illuminate\\Routing\\Router->runRouteWithinStack(Object(Illuminate\\Routing\\Route), Object(Illuminate\\Http\\Request))
#29 /home/u349676/terminal.linerapp.com/vendor/laravel/framework/src/Illuminate/Routing/Router.php(588): Illuminate\\Routing\\Router->runRoute(Object(Illuminate\\Http\\Request), Object(Illuminate\\Routing\\Route))
#30 /home/u349676/terminal.linerapp.com/vendor/laravel/framework/src/Illuminate/Routing/Router.php(577): Illuminate\\Routing\\Router->dispatchToRoute(Object(Illuminate\\Http\\Request))
#31 /home/u349676/terminal.linerapp.com/vendor/laravel/framework/src/Illuminate/Foundation/Http/Kernel.php(176): Illuminate\\Routing\\Router->dispatch(Object(Illuminate\\Http\\Request))
#32 /home/u349676/terminal.linerapp.com/vendor/laravel/framework/src/Illuminate/Routing/Pipeline.php(30): Illuminate\\Foundation\\Http\\Kernel->Illuminate\\Foundation\\Http\\{closure}(Object(Illuminate\\Http\\Request))
#33 /home/u349676/terminal.linerapp.com/vendor/fideloper/proxy/src/TrustProxies.php(56): Illuminate\\Routing\\Pipeline->Illuminate\\Routing\\{closure}(Object(Illuminate\\Http\\Request))
#34 /home/u349676/terminal.linerapp.com/vendor/laravel/framework/src/Illuminate/Pipeline/Pipeline.php(149): Fideloper\\Proxy\\TrustProxies->handle(Object(Illuminate\\Http\\Request), Object(Closure))
#35 /home/u349676/terminal.linerapp.com/vendor/laravel/framework/src/Illuminate/Routing/Pipeline.php(53): Illuminate\\Pipeline\\Pipeline->Illuminate\\Pipeline\\{closure}(Object(Illuminate\\Http\\Request))
#36 /home/u349676/terminal.linerapp.com/vendor/laravel/framework/src/Illuminate/Foundation/Http/Middleware/TransformsRequest.php(30): Illuminate\\Routing\\Pipeline->Illuminate\\Routing\\{closure}(Object(Illuminate\\Http\\Request))
#37 /home/u349676/terminal.linerapp.com/vendor/laravel/framework/src/Illuminate/Pipeline/Pipeline.php(149): Illuminate\\Foundation\\Http\\Middleware\\TransformsRequest->handle(Object(Illuminate\\Http\\Request), Object(Closure))
#38 /home/u349676/terminal.linerapp.com/vendor/laravel/framework/src/Illuminate/Routing/Pipeline.php(53): Illuminate\\Pipeline\\Pipeline->Illuminate\\Pipeline\\{closure}(Object(Illuminate\\Http\\Request))
#39 /home/u349676/terminal.linerapp.com/vendor/laravel/framework/src/Illuminate/Foundation/Http/Middleware/TransformsRequest.php(30): Illuminate\\Routing\\Pipeline->Illuminate\\Routing\\{closure}(Object(Illuminate\\Http\\Request))
#40 /home/u349676/terminal.linerapp.com/vendor/laravel/framework/src/Illuminate/Pipeline/Pipeline.php(149): Illuminate\\Foundation\\Http\\Middleware\\TransformsRequest->handle(Object(Illuminate\\Http\\Request), Object(Closure))
#41 /home/u349676/terminal.linerapp.com/vendor/laravel/framework/src/Illuminate/Routing/Pipeline.php(53): Illuminate\\Pipeline\\Pipeline->Illuminate\\Pipeline\\{closure}(Object(Illuminate\\Http\\Request))
#42 /home/u349676/terminal.linerapp.com/vendor/laravel/framework/src/Illuminate/Foundation/Http/Middleware/ValidatePostSize.php(27): Illuminate\\Routing\\Pipeline->Illuminate\\Routing\\{closure}(Object(Illuminate\\Http\\Request))
#43 /home/u349676/terminal.linerapp.com/vendor/laravel/framework/src/Illuminate/Pipeline/Pipeline.php(149): Illuminate\\Foundation\\Http\\Middleware\\ValidatePostSize->handle(Object(Illuminate\\Http\\Request), Object(Closure))
#44 /home/u349676/terminal.linerapp.com/vendor/laravel/framework/src/Illuminate/Routing/Pipeline.php(53): Illuminate\\Pipeline\\Pipeline->Illuminate\\Pipeline\\{closure}(Object(Illuminate\\Http\\Request))
#45 /home/u349676/terminal.linerapp.com/vendor/laravel/framework/src/Illuminate/Foundation/Http/Middleware/CheckForMaintenanceMode.php(46): Illuminate\\Routing\\Pipeline->Illuminate\\Routing\\{closure}(Object(Illuminate\\Http\\Request))
#46 /home/u349676/terminal.linerapp.com/vendor/laravel/framework/src/Illuminate/Pipeline/Pipeline.php(149): Illuminate\\Foundation\\Http\\Middleware\\CheckForMaintenanceMode->handle(Object(Illuminate\\Http\\Request), Object(Closure))
#47 /home/u349676/terminal.linerapp.com/vendor/laravel/framework/src/Illuminate/Routing/Pipeline.php(53): Illuminate\\Pipeline\\Pipeline->Illuminate\\Pipeline\\{closure}(Object(Illuminate\\Http\\Request))
#48 /home/u349676/terminal.linerapp.com/vendor/laravel/framework/src/Illuminate/Pipeline/Pipeline.php(102): Illuminate\\Routing\\Pipeline->Illuminate\\Routing\\{closure}(Object(Illuminate\\Http\\Request))
#49 /home/u349676/terminal.linerapp.com/vendor/laravel/framework/src/Illuminate/Foundation/Http/Kernel.php(151): Illuminate\\Pipeline\\Pipeline->then(Object(Closure))
#50 /home/u349676/terminal.linerapp.com/vendor/laravel/framework/src/Illuminate/Foundation/Http/Kernel.php(116): Illuminate\\Foundation\\Http\\Kernel->sendRequestThroughRouter(Object(Illuminate\\Http\\Request))
#51 /home/u349676/terminal.linerapp.com/html/index.php(55): Illuminate\\Foundation\\Http\\Kernel->handle(Object(Illuminate\\Http\\Request))
#52 {main}
"} 
[2019-07-17 08:21:31] local.INFO: AUTOTASK_DATE {"LOG":{"6761437":[109,6761437,156,1563351810]}} 
[2019-07-17 08:23:35] local.INFO: AUTOTASK_DATE {"LOG":{"6761437":[109,6761437,156,1563351934]}} 
[2019-07-17 08:25:39] local.INFO: AUTOTASK_DATE {"LOG":{"6761437":[109,6761437,156,1563352057]}} 
[2019-07-17 08:26:09] local.INFO: currentPipeline  {"currentPipeline":280980} 
[2019-07-17 08:27:41] local.INFO: AUTOTASK_DATE {"LOG":{"6761437":[109,6761437,156,1563352180]}} 
[2019-07-17 08:29:44] local.INFO: AUTOTASK_DATE {"LOG":{"6761437":[109,6761437,156,1563352303]}} 
[2019-07-17 08:30:39] local.INFO: currentPipeline  {"currentPipeline":"280980"} 
[2019-07-17 08:31:48] local.INFO: AUTOTASK_DATE {"LOG":{"6761437":[109,6761437,156,1563352427]}} 
[2019-07-17 08:33:37] local.INFO: currentPipeline  {"currentPipeline":"280980"} 
[2019-07-17 08:33:50] local.INFO: AUTOTASK_DATE {"LOG":{"6761437":[109,6761437,156,1563352549]}} 
[2019-07-17 08:35:53] local.INFO: AUTOTASK_DATE {"LOG":{"6761437":[109,6761437,156,1563352670]}} 
[2019-07-17 08:36:56] local.INFO: respCopyLead {"data":{"lead_id":"52895806","subdomain":"akvalifeclub","respChange":"Екатерина Чечёткина","respCurrent":"Анастасия","userID":"2972799"}} 
[2019-07-17 08:37:52] local.INFO: AUTOTASK_DATE {"LOG":{"6761437":[109,6761437,156,1563352792]}} 
[2019-07-17 08:40:03] local.INFO: AUTOTASK_DATE {"LOG":{"6761437":[109,6761437,156,1563352922]}} 
[2019-07-17 08:42:08] local.INFO: AUTOTASK_DATE {"LOG":{"6761437":[109,6761437,156,1563353047]}} 
[2019-07-17 08:43:14] local.INFO: currentPipeline  {"currentPipeline":"280980"} 
[2019-07-17 08:44:10] local.INFO: AUTOTASK_DATE {"LOG":{"6761437":[109,6761437,156,1563353169]}} 
[2019-07-17 08:46:12] local.INFO: AUTOTASK_DATE {"LOG":{"6761437":[109,6761437,156,1563353291]}} 
[2019-07-17 08:48:15] local.INFO: AUTOTASK_DATE {"LOG":{"6761437":[109,6761437,156,1563353414]}} 
[2019-07-17 08:50:17] local.INFO: AUTOTASK_DATE {"LOG":{"6761437":[109,6761437,156,1563353535]}} 
[2019-07-17 08:52:19] local.INFO: AUTOTASK_DATE {"LOG":{"6761437":[109,6761437,156,1563353659]}} 
[2019-07-17 08:54:21] local.INFO: AUTOTASK_DATE {"LOG":{"6761437":[109,6761437,156,1563353781]}} 
[2019-07-17 08:55:18] local.INFO: respCopyLead {"data":{"lead_id":"25626919","subdomain":"studyua","respChange":"Екатерина Радевич","respCurrent":"STUDYUA, SUPPORT","userID":"912388"}} 
[2019-07-17 08:56:24] local.INFO: AUTOTASK_DATE {"LOG":{"6761437":[109,6761437,156,1563353904]}} 
[2019-07-17 08:56:49] local.INFO: respCopyLead {"data":{"lead_id":"25625179","subdomain":"studyua","respChange":"Лариса Кривша","respCurrent":"Екатерина Радевич","userID":"1983072"}} 
[2019-07-17 08:58:27] local.INFO: AUTOTASK_DATE {"LOG":{"6761437":[109,6761437,156,1563354026]}} 
[2019-07-17 08:58:52] local.INFO: currentPipeline  {"currentPipeline":"280980"} 
[2019-07-17 09:00:28] local.INFO: AUTOTASK_DATE {"LOG":{"6761437":[109,6761437,156,1563354147]}} 
[2019-07-17 09:02:29] local.INFO: AUTOTASK_DATE {"LOG":{"6761437":[109,6761437,156,1563354268]}} 
[2019-07-17 09:04:31] local.INFO: AUTOTASK_DATE {"LOG":{"6761437":[109,6761437,156,1563354390]}} 
[2019-07-17 09:06:35] local.INFO: AUTOTASK_DATE {"LOG":{"6761437":[109,6761437,156,1563354513]}} 
[2019-07-17 09:08:35] local.INFO: AUTOTASK_DATE {"LOG":{"6761437":[109,6761437,156,1563354635]}} 
[2019-07-17 09:10:38] local.INFO: AUTOTASK_DATE {"LOG":{"6761437":[109,6761437,156,1563354757]}} 
[2019-07-17 09:12:39] local.INFO: AUTOTASK_DATE {"LOG":{"6761437":[109,6761437,156,1563354878]}} 
[2019-07-17 09:14:43] local.INFO: AUTOTASK_DATE {"LOG":{"6761437":[109,6761437,156,1563355002]}} 
[2019-07-17 09:16:28] local.INFO: currentPipeline  {"currentPipeline":280980} 
[2019-07-17 09:16:47] local.INFO: AUTOTASK_DATE {"LOG":{"6761437":[109,6761437,156,1563355126]}} 
[2019-07-17 09:18:50] local.INFO: AUTOTASK_DATE {"LOG":{"6761437":[109,6761437,156,1563355248]}} 
[2019-07-17 09:19:50] local.ERROR: Undefined offset: 21907432 {"exception":"[object] (ErrorException(code: 0): Undefined offset: 21907432 at /home/u349676/terminal.linerapp.com/app/Http/Controllers/LeadController.php:729)
[stacktrace]
#0 /home/u349676/terminal.linerapp.com/app/Http/Controllers/LeadController.php(729): Illuminate\\Foundation\\Bootstrap\\HandleExceptions->handleError(8, 'Undefined offse...', '/home/u349676/t...', 729, Array)
#1 [internal function]: App\\Http\\Controllers\\LeadController->copy(Object(Illuminate\\Http\\Request))
#2 /home/u349676/terminal.linerapp.com/vendor/laravel/framework/src/Illuminate/Routing/Controller.php(54): call_user_func_array(Array, Array)
#3 /home/u349676/terminal.linerapp.com/vendor/laravel/framework/src/Illuminate/Routing/ControllerDispatcher.php(45): Illuminate\\Routing\\Controller->callAction('copy', Array)
#4 /home/u349676/terminal.linerapp.com/vendor/laravel/framework/src/Illuminate/Routing/Route.php(212): Illuminate\\Routing\\ControllerDispatcher->dispatch(Object(Illuminate\\Routing\\Route), Object(App\\Http\\Controllers\\LeadController), 'copy')
#5 /home/u349676/terminal.linerapp.com/vendor/laravel/framework/src/Illuminate/Routing/Route.php(169): Illuminate\\Routing\\Route->runController()
#6 /home/u349676/terminal.linerapp.com/vendor/laravel/framework/src/Illuminate/Routing/Router.php(645): Illuminate\\Routing\\Route->run()
#7 /home/u349676/terminal.linerapp.com/vendor/laravel/framework/src/Illuminate/Routing/Pipeline.php(30): Illuminate\\Routing\\Router->Illuminate\\Routing\\{closure}(Object(Illuminate\\Http\\Request))
#8 /home/u349676/terminal.linerapp.com/vendor/laravel/framework/src/Illuminate/Routing/Middleware/SubstituteBindings.php(41): Illuminate\\Routing\\Pipeline->Illuminate\\Routing\\{closure}(Object(Illuminate\\Http\\Request))
#9 /home/u349676/terminal.linerapp.com/vendor/laravel/framework/src/Illuminate/Pipeline/Pipeline.php(149): Illuminate\\Routing\\Middleware\\SubstituteBindings->handle(Object(Illuminate\\Http\\Request), Object(Closure))
#10 /home/u349676/terminal.linerapp.com/vendor/laravel/framework/src/Illuminate/Routing/Pipeline.php(53): Illuminate\\Pipeline\\Pipeline->Illuminate\\Pipeline\\{closure}(Object(Illuminate\\Http\\Request))
#11 /home/u349676/terminal.linerapp.com/vendor/laravel/framework/src/Illuminate/Foundation/Http/Middleware/VerifyCsrfToken.php(67): Illuminate\\Routing\\Pipeline->Illuminate\\Routing\\{closure}(Object(Illuminate\\Http\\Request))
#12 /home/u349676/terminal.linerapp.com/vendor/laravel/framework/src/Illuminate/Pipeline/Pipeline.php(149): Illuminate\\Foundation\\Http\\Middleware\\VerifyCsrfToken->handle(Object(Illuminate\\Http\\Request), Object(Closure))
#13 /home/u349676/terminal.linerapp.com/vendor/laravel/framework/src/Illuminate/Routing/Pipeline.php(53): Illuminate\\Pipeline\\Pipeline->Illuminate\\Pipeline\\{closure}(Object(Illuminate\\Http\\Request))
#14 /home/u349676/terminal.linerapp.com/vendor/laravel/framework/src/Illuminate/View/Middleware/ShareErrorsFromSession.php(49): Illuminate\\Routing\\Pipeline->Illuminate\\Routing\\{closure}(Object(Illuminate\\Http\\Request))
#15 /home/u349676/terminal.linerapp.com/vendor/laravel/framework/src/Illuminate/Pipeline/Pipeline.php(149): Illuminate\\View\\Middleware\\ShareErrorsFromSession->handle(Object(Illuminate\\Http\\Request), Object(Closure))
#16 /home/u349676/terminal.linerapp.com/vendor/laravel/framework/src/Illuminate/Routing/Pipeline.php(53): Illuminate\\Pipeline\\Pipeline->Illuminate\\Pipeline\\{closure}(Object(Illuminate\\Http\\Request))
#17 /home/u349676/terminal.linerapp.com/vendor/laravel/framework/src/Illuminate/Session/Middleware/StartSession.php(63): Illuminate\\Routing\\Pipeline->Illuminate\\Routing\\{closure}(Object(Illuminate\\Http\\Request))
#18 /home/u349676/terminal.linerapp.com/vendor/laravel/framework/src/Illuminate/Pipeline/Pipeline.php(149): Illuminate\\Session\\Middleware\\StartSession->handle(Object(Illuminate\\Http\\Request), Object(Closure))
#19 /home/u349676/terminal.linerapp.com/vendor/laravel/framework/src/Illuminate/Routing/Pipeline.php(53): Illuminate\\Pipeline\\Pipeline->Illuminate\\Pipeline\\{closure}(Object(Illuminate\\Http\\Request))
#20 /home/u349676/terminal.linerapp.com/vendor/laravel/framework/src/Illuminate/Cookie/Middleware/AddQueuedCookiesToResponse.php(37): Illuminate\\Routing\\Pipeline->Illuminate\\Routing\\{closure}(Object(Illuminate\\Http\\Request))
#21 /home/u349676/terminal.linerapp.com/vendor/laravel/framework/src/Illuminate/Pipeline/Pipeline.php(149): Illuminate\\Cookie\\Middleware\\AddQueuedCookiesToResponse->handle(Object(Illuminate\\Http\\Request), Object(Closure))
#22 /home/u349676/terminal.linerapp.com/vendor/laravel/framework/src/Illuminate/Routing/Pipeline.php(53): Illuminate\\Pipeline\\Pipeline->Illuminate\\Pipeline\\{closure}(Object(Illuminate\\Http\\Request))
#23 /home/u349676/terminal.linerapp.com/vendor/laravel/framework/src/Illuminate/Cookie/Middleware/EncryptCookies.php(59): Illuminate\\Routing\\Pipeline->Illuminate\\Routing\\{closure}(Object(Illuminate\\Http\\Request))
#24 /home/u349676/terminal.linerapp.com/vendor/laravel/framework/src/Illuminate/Pipeline/Pipeline.php(149): Illuminate\\Cookie\\Middleware\\EncryptCookies->handle(Object(Illuminate\\Http\\Request), Object(Closure))
#25 /home/u349676/terminal.linerapp.com/vendor/laravel/framework/src/Illuminate/Routing/Pipeline.php(53): Illuminate\\Pipeline\\Pipeline->Illuminate\\Pipeline\\{closure}(Object(Illuminate\\Http\\Request))
#26 /home/u349676/terminal.linerapp.com/vendor/laravel/framework/src/Illuminate/Pipeline/Pipeline.php(102): Illuminate\\Routing\\Pipeline->Illuminate\\Routing\\{closure}(Object(Illuminate\\Http\\Request))
#27 /home/u349676/terminal.linerapp.com/vendor/laravel/framework/src/Illuminate/Routing/Router.php(647): Illuminate\\Pipeline\\Pipeline->then(Object(Closure))
#28 /home/u349676/terminal.linerapp.com/vendor/laravel/framework/src/Illuminate/Routing/Router.php(622): Illuminate\\Routing\\Router->runRouteWithinStack(Object(Illuminate\\Routing\\Route), Object(Illuminate\\Http\\Request))
#29 /home/u349676/terminal.linerapp.com/vendor/laravel/framework/src/Illuminate/Routing/Router.php(588): Illuminate\\Routing\\Router->runRoute(Object(Illuminate\\Http\\Request), Object(Illuminate\\Routing\\Route))
#30 /home/u349676/terminal.linerapp.com/vendor/laravel/framework/src/Illuminate/Routing/Router.php(577): Illuminate\\Routing\\Router->dispatchToRoute(Object(Illuminate\\Http\\Request))
#31 /home/u349676/terminal.linerapp.com/vendor/laravel/framework/src/Illuminate/Foundation/Http/Kernel.php(176): Illuminate\\Routing\\Router->dispatch(Object(Illuminate\\Http\\Request))
#32 /home/u349676/terminal.linerapp.com/vendor/laravel/framework/src/Illuminate/Routing/Pipeline.php(30): Illuminate\\Foundation\\Http\\Kernel->Illuminate\\Foundation\\Http\\{closure}(Object(Illuminate\\Http\\Request))
#33 /home/u349676/terminal.linerapp.com/vendor/fideloper/proxy/src/TrustProxies.php(56): Illuminate\\Routing\\Pipeline->Illuminate\\Routing\\{closure}(Object(Illuminate\\Http\\Request))
#34 /home/u349676/terminal.linerapp.com/vendor/laravel/framework/src/Illuminate/Pipeline/Pipeline.php(149): Fideloper\\Proxy\\TrustProxies->handle(Object(Illuminate\\Http\\Request), Object(Closure))
#35 /home/u349676/terminal.linerapp.com/vendor/laravel/framework/src/Illuminate/Routing/Pipeline.php(53): Illuminate\\Pipeline\\Pipeline->Illuminate\\Pipeline\\{closure}(Object(Illuminate\\Http\\Request))
#36 /home/u349676/terminal.linerapp.com/vendor/laravel/framework/src/Illuminate/Foundation/Http/Middleware/TransformsRequest.php(30): Illuminate\\Routing\\Pipeline->Illuminate\\Routing\\{closure}(Object(Illuminate\\Http\\Request))
#37 /home/u349676/terminal.linerapp.com/vendor/laravel/framework/src/Illuminate/Pipeline/Pipeline.php(149): Illuminate\\Foundation\\Http\\Middleware\\TransformsRequest->handle(Object(Illuminate\\Http\\Request), Object(Closure))
#38 /home/u349676/terminal.linerapp.com/vendor/laravel/framework/src/Illuminate/Routing/Pipeline.php(53): Illuminate\\Pipeline\\Pipeline->Illuminate\\Pipeline\\{closure}(Object(Illuminate\\Http\\Request))
#39 /home/u349676/terminal.linerapp.com/vendor/laravel/framework/src/Illuminate/Foundation/Http/Middleware/TransformsRequest.php(30): Illuminate\\Routing\\Pipeline->Illuminate\\Routing\\{closure}(Object(Illuminate\\Http\\Request))
#40 /home/u349676/terminal.linerapp.com/vendor/laravel/framework/src/Illuminate/Pipeline/Pipeline.php(149): Illuminate\\Foundation\\Http\\Middleware\\TransformsRequest->handle(Object(Illuminate\\Http\\Request), Object(Closure))
#41 /home/u349676/terminal.linerapp.com/vendor/laravel/framework/src/Illuminate/Routing/Pipeline.php(53): Illuminate\\Pipeline\\Pipeline->Illuminate\\Pipeline\\{closure}(Object(Illuminate\\Http\\Request))
#42 /home/u349676/terminal.linerapp.com/vendor/laravel/framework/src/Illuminate/Foundation/Http/Middleware/ValidatePostSize.php(27): Illuminate\\Routing\\Pipeline->Illuminate\\Routing\\{closure}(Object(Illuminate\\Http\\Request))
#43 /home/u349676/terminal.linerapp.com/vendor/laravel/framework/src/Illuminate/Pipeline/Pipeline.php(149): Illuminate\\Foundation\\Http\\Middleware\\ValidatePostSize->handle(Object(Illuminate\\Http\\Request), Object(Closure))
#44 /home/u349676/terminal.linerapp.com/vendor/laravel/framework/src/Illuminate/Routing/Pipeline.php(53): Illuminate\\Pipeline\\Pipeline->Illuminate\\Pipeline\\{closure}(Object(Illuminate\\Http\\Request))
#45 /home/u349676/terminal.linerapp.com/vendor/laravel/framework/src/Illuminate/Foundation/Http/Middleware/CheckForMaintenanceMode.php(46): Illuminate\\Routing\\Pipeline->Illuminate\\Routing\\{closure}(Object(Illuminate\\Http\\Request))
#46 /home/u349676/terminal.linerapp.com/vendor/laravel/framework/src/Illuminate/Pipeline/Pipeline.php(149): Illuminate\\Foundation\\Http\\Middleware\\CheckForMaintenanceMode->handle(Object(Illuminate\\Http\\Request), Object(Closure))
#47 /home/u349676/terminal.linerapp.com/vendor/laravel/framework/src/Illuminate/Routing/Pipeline.php(53): Illuminate\\Pipeline\\Pipeline->Illuminate\\Pipeline\\{closure}(Object(Illuminate\\Http\\Request))
#48 /home/u349676/terminal.linerapp.com/vendor/laravel/framework/src/Illuminate/Pipeline/Pipeline.php(102): Illuminate\\Routing\\Pipeline->Illuminate\\Routing\\{closure}(Object(Illuminate\\Http\\Request))
#49 /home/u349676/terminal.linerapp.com/vendor/laravel/framework/src/Illuminate/Foundation/Http/Kernel.php(151): Illuminate\\Pipeline\\Pipeline->then(Object(Closure))
#50 /home/u349676/terminal.linerapp.com/vendor/laravel/framework/src/Illuminate/Foundation/Http/Kernel.php(116): Illuminate\\Foundation\\Http\\Kernel->sendRequestThroughRouter(Object(Illuminate\\Http\\Request))
#51 /home/u349676/terminal.linerapp.com/html/index.php(55): Illuminate\\Foundation\\Http\\Kernel->handle(Object(Illuminate\\Http\\Request))
#52 {main}
"} 
[2019-07-17 09:20:50] local.INFO: AUTOTASK_DATE {"LOG":{"6761437":[109,6761437,156,1563355370]}} 
[2019-07-17 09:23:05] local.INFO: AUTOTASK_DATE {"LOG":{"6761437":[109,6761437,156,1563355505]}} 
[2019-07-17 09:25:07] local.INFO: AUTOTASK_DATE {"LOG":{"6761437":[109,6761437,156,1563355626]}} 
[2019-07-17 09:26:42] local.INFO: respCopyLead {"data":{"lead_id":"25626993","subdomain":"studyua","respChange":"Дарья Волощук","respCurrent":"Helpers  Драгомирова","userID":"1297480"}} 
[2019-07-17 09:27:09] local.INFO: AUTOTASK_DATE {"LOG":{"6761437":[109,6761437,156,1563355748]}} 
[2019-07-17 09:29:11] local.INFO: AUTOTASK_DATE {"LOG":{"6761437":[109,6761437,156,1563355870]}} 
[2019-07-17 09:31:12] local.INFO: AUTOTASK_DATE {"LOG":{"6761437":[109,6761437,156,1563355991]}} 
[2019-07-17 09:33:13] local.INFO: AUTOTASK_DATE {"LOG":{"6761437":[109,6761437,156,1563356112]}} 
[2019-07-17 09:33:55] local.INFO: respCopyLead {"data":{"lead_id":"25623591","subdomain":"studyua","respChange":"Марьяна Карпенко","respCurrent":"STUDYUA, SUPPORT","userID":"912388"}} 
[2019-07-17 09:35:18] local.INFO: AUTOTASK_DATE {"LOG":{"6761437":[109,6761437,156,1563356237]}} 
[2019-07-17 09:37:07] local.INFO: respCopyLead {"data":{"lead_id":"25627289","subdomain":"studyua","respChange":"Печерск","respCurrent":"STUDYUA, SUPPORT","userID":"912388"}} 
[2019-07-17 09:37:22] local.INFO: AUTOTASK_DATE {"LOG":{"6761437":[109,6761437,156,1563356362]}} 
[2019-07-17 09:38:59] local.INFO: currentPipeline  {"currentPipeline":280980} 
[2019-07-17 09:38:59] local.INFO: currentPipeline  {"currentPipeline":280980} 
[2019-07-17 09:39:25] local.INFO: AUTOTASK_DATE {"LOG":{"6761437":[109,6761437,156,1563356484]}} 
[2019-07-17 09:41:26] local.INFO: AUTOTASK_DATE {"LOG":{"6761437":[109,6761437,156,1563356606]}} 
[2019-07-17 09:43:29] local.INFO: AUTOTASK_DATE {"LOG":{"6761437":[109,6761437,156,1563356729]}} 
[2019-07-17 09:45:33] local.INFO: AUTOTASK_DATE {"LOG":{"6761437":[109,6761437,156,1563356851]}} 
[2019-07-17 09:47:34] local.INFO: AUTOTASK_DATE {"LOG":{"6761437":[109,6761437,156,1563356973]}} 
[2019-07-17 09:49:36] local.INFO: AUTOTASK_DATE {"LOG":{"6761437":[109,6761437,156,1563357096]}} 
[2019-07-17 09:51:08] local.INFO: currentPipeline  {"currentPipeline":"280980"} 
[2019-07-17 09:51:45] local.INFO: AUTOTASK_DATE {"LOG":{"6761437":[109,6761437,156,1563357220]}} 
[2019-07-17 09:53:44] local.INFO: AUTOTASK_DATE {"LOG":{"6761437":[109,6761437,156,1563357343]}} 
[2019-07-17 09:55:45] local.INFO: AUTOTASK_DATE {"LOG":{"6761437":[109,6761437,156,1563357465]}} 
[2019-07-17 09:57:47] local.INFO: AUTOTASK_DATE {"LOG":{"6761437":[109,6761437,156,1563357586]}} 
[2019-07-17 09:59:48] local.INFO: AUTOTASK_DATE {"LOG":{"6761437":[109,6761437,156,1563357707]}} 
[2019-07-17 10:01:50] local.INFO: AUTOTASK_DATE {"LOG":{"6761437":[109,6761437,156,1563357829]}} 
[2019-07-17 10:03:53] local.INFO: AUTOTASK_DATE {"LOG":{"6761437":[109,6761437,156,1563357951]}} 
[2019-07-17 10:04:54] local.INFO: currentPipeline  {"currentPipeline":280980} 
[2019-07-17 10:05:52] local.INFO: AUTOTASK_DATE {"LOG":{"6761437":[109,6761437,156,1563358072]}} 
[2019-07-17 10:06:39] local.INFO: currentPipeline  {"currentPipeline":280980} 
[2019-07-17 10:08:02] local.INFO: AUTOTASK_DATE {"LOG":{"6761437":[109,6761437,156,1563358201]}} 
