[2019-04-18 16:58:06] local.INFO: success cacl {"response":true} 
[2019-04-18 16:58:06] local.INFO: success cacl {"response":true} 
[2019-04-18 16:58:08] local.INFO: success cacl {"response":true} 
[2019-04-18 16:58:09] local.INFO: success cacl {"response":true} 
[2019-04-18 16:58:09] local.INFO: success cacl {"response":true} 
[2019-04-18 16:58:10] local.INFO: success cacl {"response":true} 
[2019-04-18 16:58:11] local.INFO: success cacl {"response":true} 
[2019-04-18 16:58:12] local.INFO: success cacl {"response":true} 
[2019-04-18 16:58:14] local.INFO: success cacl {"response":true} 
[2019-04-18 16:58:14] local.INFO: success cacl {"response":true} 
[2019-04-18 16:58:14] local.INFO: success cacl {"response":true} 
[2019-04-18 16:58:15] local.INFO: success cacl {"response":true} 
[2019-04-18 16:58:15] local.INFO: success cacl {"response":true} 
[2019-04-18 16:58:17] local.INFO: success cacl {"response":true} 
[2019-04-18 16:58:17] local.INFO: success cacl {"response":true} 
[2019-04-18 16:58:18] local.INFO: success cacl {"response":true} 
[2019-04-18 16:58:19] local.INFO: success cacl {"response":true} 
[2019-04-18 16:58:20] local.INFO: success cacl {"response":true} 
[2019-04-18 16:58:20] local.INFO: success cacl {"response":true} 
[2019-04-18 16:58:22] local.INFO: success cacl {"response":true} 
[2019-04-18 16:58:22] local.INFO: success cacl {"response":true} 
[2019-04-18 16:58:23] local.INFO: success cacl {"response":true} 
[2019-04-18 16:58:23] local.INFO: success cacl {"response":true} 
[2019-04-18 16:58:25] local.INFO: success cacl {"response":true} 
[2019-04-18 16:58:25] local.INFO: success cacl {"response":true} 
[2019-04-18 16:58:26] local.INFO: success cacl {"response":true} 
[2019-04-18 16:58:28] local.INFO: success cacl {"response":true} 
[2019-04-18 16:58:28] local.INFO: success cacl {"response":true} 
[2019-04-18 16:58:29] local.INFO: success cacl {"response":true} 
[2019-04-18 16:58:30] local.INFO: success cacl {"response":true} 
[2019-04-18 16:58:31] local.INFO: success cacl {"response":true} 
[2019-04-18 16:58:33] local.INFO: success cacl {"response":true} 
[2019-04-18 16:58:33] local.INFO: success cacl {"response":true} 
[2019-04-18 16:58:34] local.INFO: success cacl {"response":false} 
[2019-04-18 16:58:34] local.INFO: success cacl {"response":true} 
[2019-04-18 16:58:35] local.INFO: success cacl {"response":true} 
[2019-04-18 16:58:36] local.INFO: success cacl {"response":true} 
[2019-04-18 16:58:36] local.INFO: success cacl {"response":true} 
[2019-04-18 16:58:37] local.INFO: success cacl {"response":true} 
[2019-04-18 16:58:38] local.INFO: success cacl {"response":true} 
[2019-04-18 16:58:39] local.INFO: success cacl {"response":true} 
[2019-04-18 16:58:39] local.INFO: success cacl {"response":true} 
[2019-04-18 16:58:41] local.INFO: success cacl {"response":true} 
[2019-04-18 16:58:43] local.INFO: success cacl {"response":true} 
[2019-04-18 16:58:43] local.INFO: success cacl {"response":true} 
[2019-04-18 16:58:43] local.INFO: success cacl {"response":true} 
[2019-04-18 16:58:44] local.INFO: success cacl {"response":true} 
[2019-04-18 16:58:44] local.INFO: success cacl {"response":true} 
[2019-04-18 16:58:46] local.INFO: success cacl {"response":true} 
[2019-04-18 16:58:46] local.INFO: success cacl {"response":true} 
[2019-04-18 16:58:47] local.INFO: success cacl {"response":true} 
[2019-04-18 16:58:49] local.INFO: success cacl {"response":true} 
[2019-04-18 16:58:50] local.INFO: success cacl {"response":true} 
[2019-04-18 16:58:50] local.INFO: success cacl {"response":true} 
[2019-04-18 16:58:50] local.INFO: success cacl {"response":true} 
[2019-04-18 16:58:52] local.INFO: success cacl {"response":true} 
[2019-04-18 16:58:53] local.INFO: success cacl {"response":true} 
[2019-04-18 16:58:53] local.INFO: success cacl {"response":true} 
[2019-04-18 16:58:54] local.INFO: success cacl {"response":true} 
[2019-04-18 16:58:55] local.INFO: success cacl {"response":true} 
[2019-04-18 16:58:55] local.INFO: success cacl {"response":true} 
[2019-04-18 16:58:56] local.INFO: success cacl {"response":true} 
[2019-04-18 16:58:57] local.INFO: success cacl {"response":true} 
[2019-04-18 16:58:58] local.INFO: success cacl {"response":true} 
[2019-04-18 16:58:59] local.INFO: success cacl {"response":true} 
[2019-04-18 16:59:00] local.INFO: success cacl {"response":true} 
[2019-04-18 16:59:01] local.INFO: success cacl {"response":true} 
[2019-04-18 16:59:01] local.INFO: success cacl {"response":true} 
[2019-04-18 16:59:03] local.INFO: success cacl {"response":true} 
[2019-04-18 16:59:03] local.INFO: success cacl {"response":true} 
[2019-04-18 16:59:04] local.INFO: success cacl {"response":true} 
[2019-04-18 16:59:04] local.INFO: success cacl {"response":true} 
[2019-04-18 16:59:06] local.INFO: success cacl {"response":true} 
[2019-04-18 16:59:06] local.INFO: success cacl {"response":true} 
[2019-04-18 16:59:10] local.INFO: success cacl {"response":true} 
[2019-04-18 16:59:10] local.INFO: success cacl {"response":true} 
[2019-04-18 16:59:10] local.INFO: success cacl {"response":true} 
[2019-04-18 16:59:11] local.INFO: success cacl {"response":true} 
[2019-04-18 16:59:11] local.INFO: success cacl {"response":true} 
[2019-04-18 16:59:13] local.INFO: success cacl {"response":true} 
[2019-04-18 16:59:13] local.INFO: success cacl {"response":true} 
[2019-04-18 16:59:14] local.INFO: success cacl {"response":true} 
[2019-04-18 16:59:15] local.INFO: success cacl {"response":true} 
[2019-04-18 16:59:16] local.INFO: success cacl {"response":true} 
[2019-04-18 16:59:16] local.INFO: success cacl {"response":true} 
[2019-04-18 16:59:18] local.INFO: success cacl {"response":true} 
[2019-04-18 16:59:19] local.INFO: success cacl {"response":true} 
[2019-04-18 16:59:20] local.INFO: success cacl {"response":true} 
[2019-04-18 16:59:20] local.INFO: success cacl {"response":true} 
[2019-04-18 16:59:21] local.INFO: success cacl {"response":true} 
[2019-04-18 16:59:22] local.INFO: success cacl {"response":true} 
[2019-04-18 16:59:23] local.INFO: success cacl {"response":true} 
[2019-04-18 16:59:24] local.INFO: success cacl {"response":true} 
[2019-04-18 16:59:24] local.INFO: success cacl {"response":true} 
[2019-04-18 16:59:25] local.INFO: AUTOTASK {"data":[]} 
[2019-04-18 16:59:25] local.INFO: success cacl {"response":true} 
[2019-04-18 16:59:26] local.INFO: success cacl {"response":true} 
[2019-04-18 16:59:27] local.INFO: success cacl {"response":true} 
[2019-04-18 16:59:28] local.INFO: success cacl {"response":true} 
[2019-04-18 16:59:29] local.INFO: success cacl {"response":true} 
[2019-04-18 16:59:30] local.INFO: success cacl {"response":true} 
[2019-04-18 16:59:30] local.INFO: success cacl {"response":true} 
[2019-04-18 16:59:32] local.INFO: success cacl {"response":true} 
[2019-04-18 16:59:33] local.INFO: success cacl {"response":true} 
[2019-04-18 16:59:34] local.INFO: success cacl {"response":true} 
[2019-04-18 16:59:36] local.INFO: success cacl {"response":true} 
[2019-04-18 16:59:36] local.INFO: success cacl {"response":true} 
[2019-04-18 16:59:37] local.INFO: success cacl {"response":true} 
[2019-04-18 16:59:38] local.INFO: success cacl {"response":true} 
[2019-04-18 16:59:39] local.INFO: success cacl {"response":true} 
[2019-04-18 16:59:40] local.INFO: success cacl {"response":true} 
[2019-04-18 16:59:41] local.INFO: success cacl {"response":true} 
[2019-04-18 16:59:42] local.INFO: success cacl {"response":true} 
[2019-04-18 16:59:43] local.INFO: success cacl {"response":true} 
[2019-04-18 16:59:45] local.INFO: success cacl {"response":true} 
[2019-04-18 16:59:45] local.INFO: success cacl {"response":true} 
[2019-04-18 16:59:46] local.INFO: success cacl {"response":true} 
[2019-04-18 16:59:46] local.INFO: success cacl {"response":true} 
[2019-04-18 16:59:47] local.INFO: success cacl {"response":true} 
[2019-04-18 16:59:48] local.INFO: success cacl {"response":true} 
[2019-04-18 16:59:48] local.INFO: success cacl {"response":true} 
[2019-04-18 16:59:50] local.INFO: success cacl {"response":true} 
[2019-04-18 16:59:50] local.INFO: success cacl {"response":true} 
[2019-04-18 16:59:51] local.INFO: AUTOTASK {"data":{"linerappwidgets":[{"response":{"_links":{"self":{"href":"/api/v2/tasks","method":"post"}},"_embedded":{"items":[{"id":10196167,"request_id":0,"_links":{"self":{"href":"/api/v2/tasks?id=10196167","method":"get"}}},{"id":10196169,"request_id":1,"_links":{"self":{"href":"/api/v2/tasks?id=10196169","method":"get"}}},{"id":10196171,"request_id":2,"_links":{"self":{"href":"/api/v2/tasks?id=10196171","method":"get"}}},{"id":10196173,"request_id":3,"_links":{"self":{"href":"/api/v2/tasks?id=10196173","method":"get"}}},{"id":10196175,"request_id":4,"_links":{"self":{"href":"/api/v2/tasks?id=10196175","method":"get"}}},{"id":10196177,"request_id":5,"_links":{"self":{"href":"/api/v2/tasks?id=10196177","method":"get"}}},{"id":10196179,"request_id":6,"_links":{"self":{"href":"/api/v2/tasks?id=10196179","method":"get"}}},{"id":10196181,"request_id":7,"_links":{"self":{"href":"/api/v2/tasks?id=10196181","method":"get"}}},{"id":10196183,"request_id":8,"_links":{"self":{"href":"/api/v2/tasks?id=10196183","method":"get"}}},{"id":10196185,"request_id":9,"_links":{"self":{"href":"/api/v2/tasks?id=10196185","method":"get"}}},{"id":10196187,"request_id":10,"_links":{"self":{"href":"/api/v2/tasks?id=10196187","method":"get"}}},{"id":10196189,"request_id":11,"_links":{"self":{"href":"/api/v2/tasks?id=10196189","method":"get"}}},{"id":10196191,"request_id":12,"_links":{"self":{"href":"/api/v2/tasks?id=10196191","method":"get"}}},{"id":10196193,"request_id":13,"_links":{"self":{"href":"/api/v2/tasks?id=10196193","method":"get"}}},{"id":10196195,"request_id":14,"_links":{"self":{"href":"/api/v2/tasks?id=10196195","method":"get"}}}]}},"code":200,"confing":{"subdomain":"linerappwidgets","login":"api@linerapp.com","hash":"70eddac29fe86fe7ad3a968b5902739927bf429e"}}]}} 
[2019-04-18 16:59:52] local.INFO: success cacl {"response":true} 
[2019-04-18 16:59:53] local.INFO: success cacl {"response":true} 
[2019-04-18 16:59:54] local.INFO: success cacl {"response":true} 
[2019-04-18 16:59:54] local.INFO: success cacl {"response":true} 
[2019-04-18 16:59:55] local.INFO: success cacl {"response":true} 
[2019-04-18 16:59:56] local.INFO: success cacl {"response":true} 
[2019-04-18 16:59:57] local.INFO: success cacl {"response":true} 
[2019-04-18 16:59:57] local.INFO: success cacl {"response":true} 
[2019-04-18 16:59:58] local.INFO: success cacl {"response":true} 
[2019-04-18 16:59:59] local.INFO: success cacl {"response":true} 
[2019-04-18 17:00:00] local.INFO: success cacl {"response":true} 
[2019-04-18 17:00:00] local.INFO: success cacl {"response":true} 
[2019-04-18 17:00:01] local.INFO: success cacl {"response":true} 
[2019-04-18 17:00:02] local.INFO: success cacl {"response":true} 
[2019-04-18 17:00:03] local.INFO: success cacl {"response":true} 
[2019-04-18 17:00:03] local.INFO: success cacl {"response":true} 
[2019-04-18 17:00:04] local.INFO: success cacl {"response":true} 
[2019-04-18 17:00:05] local.INFO: success cacl {"response":true} 
[2019-04-18 17:00:06] local.INFO: success cacl {"response":true} 
[2019-04-18 17:00:08] local.INFO: success cacl {"response":true} 
[2019-04-18 17:00:08] local.INFO: success cacl {"response":true} 
[2019-04-18 17:00:08] local.INFO: success cacl {"response":true} 
[2019-04-18 17:00:09] local.INFO: success cacl {"response":true} 
[2019-04-18 17:00:12] local.INFO: success cacl {"response":true} 
[2019-04-18 17:00:13] local.INFO: success cacl {"response":true} 
[2019-04-18 17:00:13] local.INFO: success cacl {"response":true} 
[2019-04-18 17:00:13] local.INFO: success cacl {"response":true} 
[2019-04-18 17:00:14] local.INFO: success cacl {"response":true} 
[2019-04-18 17:00:15] local.INFO: success cacl {"response":true} 
[2019-04-18 17:00:15] local.INFO: success cacl {"response":true} 
[2019-04-18 17:00:17] local.INFO: success cacl {"response":true} 
[2019-04-18 17:00:19] local.INFO: success cacl {"response":true} 
[2019-04-18 17:00:20] local.INFO: success cacl {"response":true} 
[2019-04-18 17:00:20] local.INFO: success cacl {"response":true} 
[2019-04-18 17:00:21] local.INFO: success cacl {"response":true} 
[2019-04-18 17:00:21] local.INFO: success cacl {"response":true} 
[2019-04-18 17:00:22] local.INFO: success cacl {"response":true} 
[2019-04-18 17:00:23] local.INFO: success cacl {"response":true} 
[2019-04-18 17:00:25] local.INFO: success cacl {"response":true} 
[2019-04-18 17:00:25] local.INFO: success cacl {"response":true} 
[2019-04-18 17:00:26] local.INFO: success cacl {"response":true} 
[2019-04-18 17:00:27] local.INFO: success cacl {"response":true} 
[2019-04-18 17:00:29] local.INFO: success cacl {"response":true} 
[2019-04-18 17:15:28] local.INFO: AUTOTASK {"data":{"linerappwidgets":[{"response":{"_links":{"self":{"href":"/api/v2/tasks","method":"post"}},"_embedded":{"items":[{"id":10196439,"request_id":0,"_links":{"self":{"href":"/api/v2/tasks?id=10196439","method":"get"}}},{"id":10196441,"request_id":1,"_links":{"self":{"href":"/api/v2/tasks?id=10196441","method":"get"}}},{"id":10196443,"request_id":2,"_links":{"self":{"href":"/api/v2/tasks?id=10196443","method":"get"}}},{"id":10196445,"request_id":3,"_links":{"self":{"href":"/api/v2/tasks?id=10196445","method":"get"}}},{"id":10196447,"request_id":4,"_links":{"self":{"href":"/api/v2/tasks?id=10196447","method":"get"}}},{"id":10196449,"request_id":5,"_links":{"self":{"href":"/api/v2/tasks?id=10196449","method":"get"}}},{"id":10196451,"request_id":6,"_links":{"self":{"href":"/api/v2/tasks?id=10196451","method":"get"}}},{"id":10196453,"request_id":7,"_links":{"self":{"href":"/api/v2/tasks?id=10196453","method":"get"}}},{"id":10196455,"request_id":8,"_links":{"self":{"href":"/api/v2/tasks?id=10196455","method":"get"}}},{"id":10196457,"request_id":9,"_links":{"self":{"href":"/api/v2/tasks?id=10196457","method":"get"}}},{"id":10196459,"request_id":10,"_links":{"self":{"href":"/api/v2/tasks?id=10196459","method":"get"}}},{"id":10196461,"request_id":11,"_links":{"self":{"href":"/api/v2/tasks?id=10196461","method":"get"}}},{"id":10196463,"request_id":12,"_links":{"self":{"href":"/api/v2/tasks?id=10196463","method":"get"}}},{"id":10196465,"request_id":13,"_links":{"self":{"href":"/api/v2/tasks?id=10196465","method":"get"}}},{"id":10196467,"request_id":14,"_links":{"self":{"href":"/api/v2/tasks?id=10196467","method":"get"}}}]}},"code":200,"confing":{"subdomain":"linerappwidgets","login":"api@linerapp.com","hash":"70eddac29fe86fe7ad3a968b5902739927bf429e"}}],"linerappdemo":[{"response":{"_links":{"self":{"href":"/api/v2/tasks","method":"post"}},"_embedded":{"items":[{"id":18501255,"request_id":0,"_links":{"self":{"href":"/api/v2/tasks?id=18501255","method":"get"}}}]}},"code":200,"confing":{"subdomain":"linerappdemo","login":"api@linerapp.com","hash":"72f4a191eb8b6d34d074dd357850e8eb65477efc"}}],"prroskrov":[{"response":{"_links":{"self":{"href":"/api/v2/tasks","method":"post"}},"_embedded":{"items":[{"id":10444611,"request_id":0,"_links":{"self":{"href":"/api/v2/tasks?id=10444611","method":"get"}}},{"id":10444613,"request_id":1,"_links":{"self":{"href":"/api/v2/tasks?id=10444613","method":"get"}}}]}},"code":200,"confing":{"subdomain":"prroskrov","login":"smm@roskrov.ru","hash":"d4d1c61520312a4279359241f330dbc32eb0c120"}}]}} 
[2019-04-18 17:30:07] local.INFO: respCopyLead {"data":{"lead_id":"45230856","subdomain":"akvalifeclub","respChange":"Герасимчук Светлана","respCurrent":"Екатерина","userID":"2972820"}} 
[2019-04-18 17:34:53] local.INFO: init dist request NEW AJAX {"request":"[object] (Illuminate\\Http\\Request: POST /leads/distribution HTTP/1.0
Accept:          */*
Accept-Encoding: gzip, deflate, br
Accept-Language: ru-RU,ru;q=0.9,en-US;q=0.8,en;q=0.7
Connection:      close
Content-Length:  404
Content-Type:    application/x-www-form-urlencoded; charset=UTF-8
Host:            terminal.linerapp.com
Https:           on
Origin:          https://fashionatlas.amocrm.ru
Referer:         https://fashionatlas.amocrm.ru/leads/detail/26947383?after_add=yes&reload=yes
Server-Addr:     185.179.191.116
User-Agent:      Mozilla/5.0 (Windows NT 10.0; Win64; x64) AppleWebKit/537.36 (KHTML, like Gecko) Chrome/71.0.3578.98 Safari/537.36 OPR/58.0.3135.127
X-Real-Ip:       185.151.106.134

leads%5Badd%5D%5B0%5D%5Bid%5D=26947383&leads%5Badd%5D%5B0%5D%5Baccount_id%5D=13185058&leads%5Badd%5D%5B0%5D%5Bpipeline_id%5D=1302093&leads%5Badd%5D%5B0%5D%5Bcustom_fields%5D%5B0%5D%5Bname%5D=%D0%9C%D0%BE%D1%8F+%D1%81%D0%B4%D0%B5%D0%BB%D0%BA%D0%B0&account%5Bsubdomain%5D=fashionatlas&account%5Bid%5D=13185058&account%5B_links%5D%5Bself%5D=https%3A%2F%2Ffashionatlas.amocrm.ru&subdomain=fashionatlas&ajax=1)","post":{"leads":{"add":[{"id":"26947383","account_id":"13185058","pipeline_id":"1302093","custom_fields":[{"name":"Моя сделка"}]}]},"account":{"subdomain":"fashionatlas","id":"13185058","_links":{"self":"https://fashionatlas.amocrm.ru"}},"subdomain":"fashionatlas","ajax":"1"}} 
[2019-04-18 21:00:04] local.INFO: AUTOTASK {"data":{"linerappwidgets":[{"response":{"_links":{"self":{"href":"/api/v2/tasks","method":"post"}},"_embedded":{"items":[{"id":10198381,"request_id":0,"_links":{"self":{"href":"/api/v2/tasks?id=10198381","method":"get"}}},{"id":10198383,"request_id":1,"_links":{"self":{"href":"/api/v2/tasks?id=10198383","method":"get"}}},{"id":10198385,"request_id":2,"_links":{"self":{"href":"/api/v2/tasks?id=10198385","method":"get"}}},{"id":10198387,"request_id":3,"_links":{"self":{"href":"/api/v2/tasks?id=10198387","method":"get"}}},{"id":10198389,"request_id":4,"_links":{"self":{"href":"/api/v2/tasks?id=10198389","method":"get"}}},{"id":10198391,"request_id":5,"_links":{"self":{"href":"/api/v2/tasks?id=10198391","method":"get"}}},{"id":10198393,"request_id":6,"_links":{"self":{"href":"/api/v2/tasks?id=10198393","method":"get"}}},{"id":10198395,"request_id":7,"_links":{"self":{"href":"/api/v2/tasks?id=10198395","method":"get"}}},{"id":10198397,"request_id":8,"_links":{"self":{"href":"/api/v2/tasks?id=10198397","method":"get"}}},{"id":10198399,"request_id":9,"_links":{"self":{"href":"/api/v2/tasks?id=10198399","method":"get"}}},{"id":10198401,"request_id":10,"_links":{"self":{"href":"/api/v2/tasks?id=10198401","method":"get"}}},{"id":10198403,"request_id":11,"_links":{"self":{"href":"/api/v2/tasks?id=10198403","method":"get"}}},{"id":10198405,"request_id":12,"_links":{"self":{"href":"/api/v2/tasks?id=10198405","method":"get"}}},{"id":10198407,"request_id":13,"_links":{"self":{"href":"/api/v2/tasks?id=10198407","method":"get"}}},{"id":10198409,"request_id":14,"_links":{"self":{"href":"/api/v2/tasks?id=10198409","method":"get"}}}]}},"code":200,"confing":{"subdomain":"linerappwidgets","login":"api@linerapp.com","hash":"70eddac29fe86fe7ad3a968b5902739927bf429e"}}],"linerappdemo":[{"response":{"_links":{"self":{"href":"/api/v2/tasks","method":"post"}},"_embedded":{"items":[{"id":18502213,"request_id":0,"_links":{"self":{"href":"/api/v2/tasks?id=18502213","method":"get"}}}]}},"code":200,"confing":{"subdomain":"linerappdemo","login":"api@linerapp.com","hash":"72f4a191eb8b6d34d074dd357850e8eb65477efc"}}],"prroskrov":[{"response":{"_links":{"self":{"href":"/api/v2/tasks","method":"post"}},"_embedded":{"items":[{"id":10448493,"request_id":0,"_links":{"self":{"href":"/api/v2/tasks?id=10448493","method":"get"}}},{"id":10448495,"request_id":1,"_links":{"self":{"href":"/api/v2/tasks?id=10448495","method":"get"}}}]}},"code":200,"confing":{"subdomain":"prroskrov","login":"smm@roskrov.ru","hash":"d4d1c61520312a4279359241f330dbc32eb0c120"}}]}} 
[2019-04-18 21:01:02] local.INFO: AUTOTASK {"data":[]} 
[2019-04-18 21:02:02] local.INFO: AUTOTASK {"data":[]} 
[2019-04-18 21:03:02] local.INFO: AUTOTASK {"data":[]} 
[2019-04-18 21:04:02] local.INFO: AUTOTASK {"data":[]} 
[2019-04-18 21:05:02] local.INFO: AUTOTASK {"data":[]} 
[2019-04-18 21:06:02] local.INFO: AUTOTASK {"data":[]} 
[2019-04-18 21:07:02] local.INFO: AUTOTASK {"data":[]} 
[2019-04-18 21:08:04] local.INFO: AUTOTASK {"data":[]} 
[2019-04-18 21:09:03] local.INFO: AUTOTASK {"data":[]} 
[2019-04-18 21:10:02] local.INFO: AUTOTASK {"data":[]} 
[2019-04-18 21:11:02] local.INFO: AUTOTASK {"data":[]} 
[2019-04-18 21:12:02] local.INFO: AUTOTASK {"data":[]} 
[2019-04-18 21:13:02] local.INFO: AUTOTASK {"data":[]} 
[2019-04-18 21:14:04] local.INFO: AUTOTASK {"data":[]} 
[2019-04-18 21:15:02] local.INFO: AUTOTASK {"data":[]} 
[2019-04-18 21:16:03] local.INFO: AUTOTASK {"data":[]} 
[2019-04-18 21:17:02] local.INFO: AUTOTASK {"data":[]} 
[2019-04-18 21:18:02] local.INFO: AUTOTASK {"data":[]} 
[2019-04-18 21:19:02] local.INFO: AUTOTASK {"data":[]} 
[2019-04-18 21:20:03] local.INFO: AUTOTASK {"data":[]} 
[2019-04-18 21:21:02] local.INFO: AUTOTASK {"data":[]} 
[2019-04-18 21:22:02] local.INFO: AUTOTASK {"data":[]} 
[2019-04-18 21:23:05] local.INFO: AUTOTASK {"data":[]} 
[2019-04-18 21:24:02] local.INFO: AUTOTASK {"data":[]} 
[2019-04-18 21:25:03] local.INFO: AUTOTASK {"data":[]} 
[2019-04-18 21:26:03] local.INFO: AUTOTASK {"data":[]} 
[2019-04-18 21:27:02] local.INFO: AUTOTASK {"data":[]} 
[2019-04-18 21:28:03] local.INFO: AUTOTASK {"data":[]} 
[2019-04-18 21:29:03] local.INFO: AUTOTASK {"data":[]} 
[2019-04-18 21:30:02] local.INFO: AUTOTASK {"data":[]} 
[2019-04-18 21:31:05] local.INFO: AUTOTASK {"data":[]} 
[2019-04-18 21:32:02] local.INFO: AUTOTASK {"data":[]} 
[2019-04-18 21:33:04] local.INFO: AUTOTASK {"data":[]} 
[2019-04-18 21:34:02] local.INFO: AUTOTASK {"data":[]} 
[2019-04-18 21:35:02] local.INFO: AUTOTASK {"data":[]} 
[2019-04-18 21:36:03] local.INFO: AUTOTASK {"data":[]} 
[2019-04-18 21:37:02] local.INFO: AUTOTASK {"data":[]} 
[2019-04-18 21:38:03] local.INFO: AUTOTASK {"data":[]} 
[2019-04-18 21:39:02] local.INFO: AUTOTASK {"data":[]} 
[2019-04-18 21:40:02] local.INFO: AUTOTASK {"data":[]} 
[2019-04-18 21:41:02] local.INFO: AUTOTASK {"data":[]} 
[2019-04-18 21:42:02] local.INFO: AUTOTASK {"data":[]} 
[2019-04-18 21:43:02] local.INFO: AUTOTASK {"data":[]} 
[2019-04-18 21:44:03] local.INFO: AUTOTASK {"data":[]} 
[2019-04-18 21:45:06] local.INFO: AUTOTASK {"data":[]} 
[2019-04-18 21:46:02] local.INFO: AUTOTASK {"data":[]} 
[2019-04-18 21:47:03] local.INFO: AUTOTASK {"data":[]} 
[2019-04-18 21:48:04] local.INFO: AUTOTASK {"data":[]} 
[2019-04-18 21:49:04] local.INFO: AUTOTASK {"data":[]} 
[2019-04-18 21:50:02] local.INFO: AUTOTASK {"data":[]} 
[2019-04-18 21:51:04] local.INFO: AUTOTASK {"data":[]} 
[2019-04-18 21:52:02] local.INFO: AUTOTASK {"data":[]} 
[2019-04-18 21:53:02] local.INFO: AUTOTASK {"data":[]} 
[2019-04-18 21:54:03] local.INFO: AUTOTASK {"data":[]} 
[2019-04-18 21:55:02] local.INFO: AUTOTASK {"data":[]} 
[2019-04-18 21:56:03] local.INFO: AUTOTASK {"data":[]} 
[2019-04-18 21:57:03] local.INFO: AUTOTASK {"data":[]} 
[2019-04-18 21:58:05] local.INFO: AUTOTASK {"data":[]} 
[2019-04-18 21:59:02] local.INFO: AUTOTASK {"data":[]} 
